#
# There is insufficient memory for the Java Runtime Environment to continue.
# Native memory allocation (malloc) failed to allocate 1874096 bytes for Chunk::new
# Possible reasons:
#   The system is out of physical RAM or swap space
#   The process is running with CompressedOops enabled, and the Java Heap may be blocking the growth of the native heap
# Possible solutions:
#   Reduce memory load on the system
#   Increase physical memory or swap space
#   Check if swap backing store is full
#   Decrease Java heap size (-Xmx/-Xms)
#   Decrease number of Java threads
#   Decrease Java thread stack sizes (-Xss)
#   Set larger code cache with -XX:ReservedCodeCacheSize=
#   JVM is running with Unscaled Compressed Oops mode in which the Java heap is
#     placed in the first 4GB address space. The Java Heap base address is the
#     maximum limit for the native heap growth. Please use -XX:HeapBaseMinAddress
#     to set the Java Heap base and to place the Java Heap above 4GB virtual address.
# This output file may be truncated or incomplete.
#
#  Out of Memory Error (src/hotspot/share/memory/arena.cpp:197), pid=11588, tid=12620
#
# JRE version: OpenJDK Runtime Environment (11.0.15) (build 11.0.15+0-b2043.56-8887301)
# Java VM: OpenJDK 64-Bit Server VM (11.0.15+0-b2043.56-8887301, mixed mode, tiered, compressed oops, g1 gc, windows-amd64)
# No core dump will be written. Minidumps are not enabled by default on client versions of Windows
#

---------------  S U M M A R Y ------------

Command Line: -javaagent:C:\Program Files\Android\Android Studio\plugins\android\resources\trace_agent.jar=C:\Users\ThinkPad\AppData\Local\Temp\sync.trace.profile --add-opens=java.base/java.util=ALL-UNNAMED --add-opens=java.base/java.lang=ALL-UNNAMED --add-opens=java.base/java.lang.invoke=ALL-UNNAMED --add-opens=java.base/java.util=ALL-UNNAMED --add-opens=java.prefs/java.util.prefs=ALL-UNNAMED --add-opens=java.prefs/java.util.prefs=ALL-UNNAMED --add-opens=java.base/java.nio.charset=ALL-UNNAMED --add-opens=java.base/java.net=ALL-UNNAMED --add-opens=java.base/java.util.concurrent.atomic=ALL-UNNAMED -Xmx2048m -Dfile.encoding=UTF-8 -Duser.country=US -Duser.language=en -Duser.variant org.gradle.launcher.daemon.bootstrap.GradleDaemon 7.5

Host: AMD Ryzen 7 5700U with Radeon Graphics         , 16 cores, 6G,  Windows 11 , 64 bit Build 22000 (10.0.22000.1880)
Time: Tue May  2 08:55:05 2023 SE Asia Standard Time elapsed time: 18.257381 seconds (0d 0h 0m 18s)

---------------  T H R E A D  ---------------

Current thread (0x000001f9db3f1800):  JavaThread "C2 CompilerThread0" daemon [_thread_in_native, id=12620, stack(0x000000ce65900000,0x000000ce65a00000)]


Current CompileTask:
C2:  18257 6973       4       java.lang.invoke.MethodType::makeImpl (108 bytes)

Stack: [0x000000ce65900000,0x000000ce65a00000]
Native frames: (J=compiled Java code, j=interpreted, Vv=VM code, C=native code)
V  [jvm.dll+0x64135a]
V  [jvm.dll+0x7d39f9]
V  [jvm.dll+0x7d51b9]
V  [jvm.dll+0x7d58a3]
V  [jvm.dll+0x2691c5]
V  [jvm.dll+0xc1a5c]
V  [jvm.dll+0xc200c]
V  [jvm.dll+0x3774a7]
V  [jvm.dll+0x342495]
V  [jvm.dll+0x34186a]
V  [jvm.dll+0x2214bd]
V  [jvm.dll+0x220498]
V  [jvm.dll+0x19e851]
V  [jvm.dll+0x230479]
V  [jvm.dll+0x22e5ef]
V  [jvm.dll+0x794de1]
V  [jvm.dll+0x78dc24]
V  [jvm.dll+0x6400f6]
C  [ucrtbase.dll+0x26c0c]
C  [KERNEL32.DLL+0x155a0]
C  [ntdll.dll+0x485b]


---------------  P R O C E S S  ---------------

Threads class SMR info:
_java_thread_list=0x000001f9dcd0da30, length=176, elements={
0x000001f9c03b6000, 0x000001f9dbc23000, 0x000001f9dbc24000, 0x000001f9db3ec800,
0x000001f9db3ef800, 0x000001f9db3f0800, 0x000001f9db3f1800, 0x000001f9db3f2800,
0x000001f9dbc7c000, 0x000001f9db3fe800, 0x000001f9dbe3b800, 0x000001f9dbe3c000,
0x000001f9dcc39800, 0x000001f9dfa40800, 0x000001f9df958800, 0x000001f9df995800,
0x000001f9df245800, 0x000001f9df3d5000, 0x000001f9df3d5800, 0x000001f9df5a8800,
0x000001f9dfd88000, 0x000001f9df961800, 0x000001f9df789000, 0x000001f9df78a800,
0x000001f9df78b800, 0x000001f9df78c800, 0x000001f9df78d000, 0x000001f9df78e000,
0x000001f9df788000, 0x000001f9df78e800, 0x000001f9df78a000, 0x000001f9e0b2c000,
0x000001f9e0b2c800, 0x000001f9e0b2d800, 0x000001f9e0b2e800, 0x000001f9e0b2a800,
0x000001f9e0b35000, 0x000001f9e0b35800, 0x000001f9e0b33800, 0x000001f9e0b36800,
0x000001f9e0b31800, 0x000001f9e0b31000, 0x000001f9e0b37800, 0x000001f9e0b38000,
0x000001f9e0b32800, 0x000001f9dc24b000, 0x000001f9dc245800, 0x000001f9dc24c000,
0x000001f9dc249800, 0x000001f9dc246800, 0x000001f9dc24d000, 0x000001f9dc24a800,
0x000001f9dc247000, 0x000001f9dc24d800, 0x000001f9dc248000, 0x000001f9dc24e800,
0x000001f9dc249000, 0x000001f9dc251800, 0x000001f9dc253800, 0x000001f9dc252800,
0x000001f9dc24f800, 0x000001f9dc254000, 0x000001f9dc250000, 0x000001f9dc251000,
0x000001f9dcb85800, 0x000001f9dcb83800, 0x000001f9dcb84800, 0x000001f9dcb7f800,
0x000001f9dcb86000, 0x000001f9dcb80800, 0x000001f9dcb87000, 0x000001f9dcb82000,
0x000001f9dcb81800, 0x000001f9dcb88000, 0x000001f9dcb88800, 0x000001f9dcb83000,
0x000001f9dcb8a800, 0x000001f9dcb8b000, 0x000001f9dcb8c000, 0x000001f9dcb8c800,
0x000001f9dcb8d800, 0x000001f9dcb8e800, 0x000001f9dcb89800, 0x000001f9dc1ea000,
0x000001f9dc1e7800, 0x000001f9dc1eb000, 0x000001f9dc1eb800, 0x000001f9dc1e6000,
0x000001f9dc1ec800, 0x000001f9dc1e6800, 0x000001f9dc1ed800, 0x000001f9dc1ee000,
0x000001f9dc1e9000, 0x000001f9dc1e8800, 0x000001f9dc1f4800, 0x000001f9dc1f0800,
0x000001f9dc1ef800, 0x000001f9dc1ef000, 0x000001f9dc1f2000, 0x000001f9dc1f3000,
0x000001f9dc1f1800, 0x000001f9dc1f4000, 0x000001f9de7c3800, 0x000001f9de7c4800,
0x000001f9de7bf000, 0x000001f9de7c5800, 0x000001f9de7c1000, 0x000001f9de7c2000,
0x000001f9de7bf800, 0x000001f9de7c0800, 0x000001f9de7c8000, 0x000001f9de7c8800,
0x000001f9de7c6000, 0x000001f9de7c7000, 0x000001f9de7c3000, 0x000001f9de7c9800,
0x000001f9de7cb000, 0x000001f9de7cd800, 0x000001f9de7ca000, 0x000001f9de7cc000,
0x000001f9de7cc800, 0x000001f9dff63800, 0x000001f9dff65800, 0x000001f9dff66000,
0x000001f9dff64800, 0x000001f9dff67000, 0x000001f9dff61800, 0x000001f9dff68000,
0x000001f9dff62000, 0x000001f9dff63000, 0x000001f9dff6b000, 0x000001f9dff69800,
0x000001f9dff68800, 0x000001f9dff6c800, 0x000001f9dff6d800, 0x000001f9dff6c000,
0x000001f9dff70000, 0x000001f9dff6e800, 0x000001f9dff6a800, 0x000001f9dff6f000,
0x000001f9e00cc000, 0x000001f9e00d0000, 0x000001f9e00cb000, 0x000001f9e00cf800,
0x000001f9e00d1000, 0x000001f9e00d2800, 0x000001f9e00d2000, 0x000001f9e00cd000,
0x000001f9e00d3800, 0x000001f9e00cd800, 0x000001f9e00d4000, 0x000001f9e00ce800,
0x000001f9e00d9000, 0x000001f9e00d8800, 0x000001f9e00da000, 0x000001f9e00d5000,
0x000001f9e00d6000, 0x000001f9e00d6800, 0x000001f9e00d7800, 0x000001f9e0edf000,
0x000001f9e0ee1800, 0x000001f9e0ee5000, 0x000001f9e0ee2800, 0x000001f9e0ee4000,
0x000001f9e0ee5800, 0x000001f9e0ee0000, 0x000001f9e0ee6800, 0x000001f9e0ee0800,
0x000001f9e0ee7000, 0x000001f9e0ee8000, 0x000001f9e0ee9000, 0x000001f9e0ee3000,
0x000001f9e0eec000, 0x000001f9e0ee9800, 0x000001f9e0eeb800, 0x000001f9e0eed000
}

Java Threads: ( => current thread )
  0x000001f9c03b6000 JavaThread "main" [_thread_blocked, id=10296, stack(0x000000ce64d00000,0x000000ce64e00000)]
  0x000001f9dbc23000 JavaThread "Reference Handler" daemon [_thread_blocked, id=17748, stack(0x000000ce65400000,0x000000ce65500000)]
  0x000001f9dbc24000 JavaThread "Finalizer" daemon [_thread_blocked, id=16800, stack(0x000000ce65500000,0x000000ce65600000)]
  0x000001f9db3ec800 JavaThread "Signal Dispatcher" daemon [_thread_blocked, id=3604, stack(0x000000ce65600000,0x000000ce65700000)]
  0x000001f9db3ef800 JavaThread "Attach Listener" daemon [_thread_blocked, id=16916, stack(0x000000ce65700000,0x000000ce65800000)]
  0x000001f9db3f0800 JavaThread "Service Thread" daemon [_thread_blocked, id=19692, stack(0x000000ce65800000,0x000000ce65900000)]
=>0x000001f9db3f1800 JavaThread "C2 CompilerThread0" daemon [_thread_in_native, id=12620, stack(0x000000ce65900000,0x000000ce65a00000)]
  0x000001f9db3f2800 JavaThread "C1 CompilerThread0" daemon [_thread_blocked, id=13580, stack(0x000000ce65a00000,0x000000ce65b00000)]
  0x000001f9dbc7c000 JavaThread "Sweeper thread" daemon [_thread_blocked, id=12584, stack(0x000000ce65b00000,0x000000ce65c00000)]
  0x000001f9db3fe800 JavaThread "Common-Cleaner" daemon [_thread_blocked, id=8252, stack(0x000000ce65c00000,0x000000ce65d00000)]
  0x000001f9dbe3b800 JavaThread "C1 CompilerThread1" daemon [_thread_blocked, id=15928, stack(0x000000ce65d00000,0x000000ce65e00000)]
  0x000001f9dbe3c000 JavaThread "C1 CompilerThread2" daemon [_thread_blocked, id=8164, stack(0x000000ce65e00000,0x000000ce65f00000)]
  0x000001f9dcc39800 JavaThread "Daemon health stats" [_thread_blocked, id=17336, stack(0x000000ce66100000,0x000000ce66200000)]
  0x000001f9dfa40800 JavaThread "Incoming local TCP Connector on port 51735" [_thread_in_native, id=15092, stack(0x000000ce66200000,0x000000ce66300000)]
  0x000001f9df958800 JavaThread "Daemon periodic checks" [_thread_blocked, id=6924, stack(0x000000ce66300000,0x000000ce66400000)]
  0x000001f9df995800 JavaThread "Daemon" [_thread_blocked, id=10944, stack(0x000000ce66400000,0x000000ce66500000)]
  0x000001f9df245800 JavaThread "Handler for socket connection from /127.0.0.1:51735 to /127.0.0.1:51736" [_thread_in_native, id=16880, stack(0x000000ce66500000,0x000000ce66600000)]
  0x000001f9df3d5000 JavaThread "Cancel handler" [_thread_blocked, id=4908, stack(0x000000ce66600000,0x000000ce66700000)]
  0x000001f9df3d5800 JavaThread "Daemon worker" [_thread_in_Java, id=17112, stack(0x000000ce66700000,0x000000ce66800000)]
  0x000001f9df5a8800 JavaThread "Asynchronous log dispatcher for DefaultDaemonConnection: socket connection from /127.0.0.1:51735 to /127.0.0.1:51736" [_thread_blocked, id=10392, stack(0x000000ce66800000,0x000000ce66900000)]
  0x000001f9dfd88000 JavaThread "Stdin handler" [_thread_blocked, id=17852, stack(0x000000ce66900000,0x000000ce66a00000)]
  0x000001f9df961800 JavaThread "Daemon client event forwarder" [_thread_blocked, id=15688, stack(0x000000ce67500000,0x000000ce67600000)]
  0x000001f9df789000 JavaThread "Cache worker for journal cache (C:\Users\ThinkPad\.gradle\caches\journal-1)" [_thread_blocked, id=16660, stack(0x000000ce67600000,0x000000ce67700000)]
  0x000001f9df78a800 JavaThread "File lock request listener" [_thread_in_native, id=9328, stack(0x000000ce67700000,0x000000ce67800000)]
  0x000001f9df78b800 JavaThread "Cache worker for file hash cache (C:\Users\ThinkPad\.gradle\caches\7.5\fileHashes)" [_thread_blocked, id=1304, stack(0x000000ce67a00000,0x000000ce67b00000)]
  0x000001f9df78c800 JavaThread "File watcher server" daemon [_thread_in_native, id=4048, stack(0x000000ce67b00000,0x000000ce67c00000)]
  0x000001f9df78d000 JavaThread "File watcher consumer" daemon [_thread_blocked, id=13224, stack(0x000000ce67c00000,0x000000ce67d00000)]
  0x000001f9df78e000 JavaThread "Cache worker for checksums cache (E:\My_Code\GitHub\DoAnAndroid_ShopOnline\.gradle\7.5\checksums)" [_thread_blocked, id=14548, stack(0x000000ce67d00000,0x000000ce67e00000)]
  0x000001f9df788000 JavaThread "Cache worker for cache directory md-rule (C:\Users\ThinkPad\.gradle\caches\7.5\md-rule)" [_thread_blocked, id=9364, stack(0x000000ce67e00000,0x000000ce67f00000)]
  0x000001f9df78e800 JavaThread "Cache worker for file content cache (C:\Users\ThinkPad\.gradle\caches\7.5\fileContent)" [_thread_blocked, id=6820, stack(0x000000ce67f00000,0x000000ce68000000)]
  0x000001f9df78a000 JavaThread "Cache worker for file hash cache (E:\My_Code\GitHub\DoAnAndroid_ShopOnline\.gradle\7.5\fileHashes)" [_thread_blocked, id=17212, stack(0x000000ce68000000,0x000000ce68100000)]
  0x000001f9e0b2c000 JavaThread "Cache worker for cache directory md-supplier (C:\Users\ThinkPad\.gradle\caches\7.5\md-supplier)" [_thread_blocked, id=9860, stack(0x000000ce68100000,0x000000ce68200000)]
  0x000001f9e0b2c800 JavaThread "Cache worker for execution history cache (C:\Users\ThinkPad\.gradle\caches\7.5\executionHistory)" [_thread_blocked, id=8480, stack(0x000000ce68200000,0x000000ce68300000)]
  0x000001f9e0b2d800 JavaThread "jar transforms" [_thread_blocked, id=17196, stack(0x000000ce68300000,0x000000ce68400000)]
  0x000001f9e0b2e800 JavaThread "jar transforms Thread 2" [_thread_blocked, id=7804, stack(0x000000ce68400000,0x000000ce68500000)]
  0x000001f9e0b2a800 JavaThread "jar transforms Thread 3" [_thread_blocked, id=15368, stack(0x000000ce68500000,0x000000ce68600000)]
  0x000001f9e0b35000 JavaThread "jar transforms Thread 4" [_thread_blocked, id=6976, stack(0x000000ce68600000,0x000000ce68700000)]
  0x000001f9e0b35800 JavaThread "Cache worker for dependencies-accessors (E:\My_Code\GitHub\DoAnAndroid_ShopOnline\.gradle\7.5\dependencies-accessors)" [_thread_blocked, id=14728, stack(0x000000ce68700000,0x000000ce68800000)]
  0x000001f9e0b33800 JavaThread "jar transforms Thread 5" [_thread_blocked, id=7720, stack(0x000000ce68800000,0x000000ce68900000)]
  0x000001f9e0b36800 JavaThread "Cache worker for Build Output Cleanup Cache (E:\My_Code\GitHub\DoAnAndroid_ShopOnline\.gradle\buildOutputCleanup)" [_thread_blocked, id=8308, stack(0x000000ce68900000,0x000000ce68a00000)]
  0x000001f9e0b31800 JavaThread "Unconstrained build operations" [_thread_blocked, id=2744, stack(0x000000ce68a00000,0x000000ce68b00000)]
  0x000001f9e0b31000 JavaThread "Unconstrained build operations Thread 2" [_thread_blocked, id=2036, stack(0x000000ce68b00000,0x000000ce68c00000)]
  0x000001f9e0b37800 JavaThread "Unconstrained build operations Thread 3" [_thread_blocked, id=15216, stack(0x000000ce68c00000,0x000000ce68d00000)]
  0x000001f9e0b38000 JavaThread "Unconstrained build operations Thread 4" [_thread_blocked, id=15332, stack(0x000000ce68d00000,0x000000ce68e00000)]
  0x000001f9e0b32800 JavaThread "Unconstrained build operations Thread 5" [_thread_blocked, id=14700, stack(0x000000ce68e00000,0x000000ce68f00000)]
  0x000001f9dc24b000 JavaThread "Unconstrained build operations Thread 6" [_thread_blocked, id=3684, stack(0x000000ce68f00000,0x000000ce69000000)]
  0x000001f9dc245800 JavaThread "Unconstrained build operations Thread 7" [_thread_blocked, id=12344, stack(0x000000ce69000000,0x000000ce69100000)]
  0x000001f9dc24c000 JavaThread "Unconstrained build operations Thread 8" [_thread_blocked, id=6900, stack(0x000000ce69100000,0x000000ce69200000)]
  0x000001f9dc249800 JavaThread "Unconstrained build operations Thread 9" [_thread_blocked, id=8720, stack(0x000000ce69200000,0x000000ce69300000)]
  0x000001f9dc246800 JavaThread "Unconstrained build operations Thread 10" [_thread_blocked, id=9272, stack(0x000000ce69300000,0x000000ce69400000)]
  0x000001f9dc24d000 JavaThread "Unconstrained build operations Thread 11" [_thread_blocked, id=10284, stack(0x000000ce69400000,0x000000ce69500000)]
  0x000001f9dc24a800 JavaThread "Unconstrained build operations Thread 12" [_thread_blocked, id=14384, stack(0x000000ce69500000,0x000000ce69600000)]
  0x000001f9dc247000 JavaThread "Unconstrained build operations Thread 13" [_thread_blocked, id=15712, stack(0x000000ce69600000,0x000000ce69700000)]
  0x000001f9dc24d800 JavaThread "Unconstrained build operations Thread 14" [_thread_blocked, id=1832, stack(0x000000ce69700000,0x000000ce69800000)]
  0x000001f9dc248000 JavaThread "Unconstrained build operations Thread 15" [_thread_blocked, id=18140, stack(0x000000ce69800000,0x000000ce69900000)]
  0x000001f9dc24e800 JavaThread "Unconstrained build operations Thread 16" [_thread_blocked, id=14388, stack(0x000000ce69900000,0x000000ce69a00000)]
  0x000001f9dc249000 JavaThread "Unconstrained build operations Thread 17" [_thread_blocked, id=16264, stack(0x000000ce69a00000,0x000000ce69b00000)]
  0x000001f9dc251800 JavaThread "Unconstrained build operations Thread 18" [_thread_blocked, id=2104, stack(0x000000ce69b00000,0x000000ce69c00000)]
  0x000001f9dc253800 JavaThread "Unconstrained build operations Thread 19" [_thread_blocked, id=15544, stack(0x000000ce69c00000,0x000000ce69d00000)]
  0x000001f9dc252800 JavaThread "Unconstrained build operations Thread 20" [_thread_blocked, id=19936, stack(0x000000ce69d00000,0x000000ce69e00000)]
  0x000001f9dc24f800 JavaThread "Unconstrained build operations Thread 21" [_thread_blocked, id=14176, stack(0x000000ce69e00000,0x000000ce69f00000)]
  0x000001f9dc254000 JavaThread "Unconstrained build operations Thread 22" [_thread_blocked, id=13448, stack(0x000000ce69f00000,0x000000ce6a000000)]
  0x000001f9dc250000 JavaThread "Unconstrained build operations Thread 23" [_thread_blocked, id=15524, stack(0x000000ce6a000000,0x000000ce6a100000)]
  0x000001f9dc251000 JavaThread "Unconstrained build operations Thread 24" [_thread_blocked, id=9636, stack(0x000000ce6a100000,0x000000ce6a200000)]
  0x000001f9dcb85800 JavaThread "Unconstrained build operations Thread 25" [_thread_blocked, id=10864, stack(0x000000ce6a200000,0x000000ce6a300000)]
  0x000001f9dcb83800 JavaThread "Unconstrained build operations Thread 26" [_thread_blocked, id=18928, stack(0x000000ce6a300000,0x000000ce6a400000)]
  0x000001f9dcb84800 JavaThread "Unconstrained build operations Thread 27" [_thread_blocked, id=16688, stack(0x000000ce6a400000,0x000000ce6a500000)]
  0x000001f9dcb7f800 JavaThread "Unconstrained build operations Thread 28" [_thread_blocked, id=14672, stack(0x000000ce6a500000,0x000000ce6a600000)]
  0x000001f9dcb86000 JavaThread "Unconstrained build operations Thread 29" [_thread_blocked, id=7408, stack(0x000000ce6a600000,0x000000ce6a700000)]
  0x000001f9dcb80800 JavaThread "Unconstrained build operations Thread 30" [_thread_blocked, id=12372, stack(0x000000ce6a700000,0x000000ce6a800000)]
  0x000001f9dcb87000 JavaThread "Unconstrained build operations Thread 31" [_thread_blocked, id=11376, stack(0x000000ce6a800000,0x000000ce6a900000)]
  0x000001f9dcb82000 JavaThread "Unconstrained build operations Thread 32" [_thread_blocked, id=2444, stack(0x000000ce6a900000,0x000000ce6aa00000)]
  0x000001f9dcb81800 JavaThread "Unconstrained build operations Thread 33" [_thread_blocked, id=8380, stack(0x000000ce6aa00000,0x000000ce6ab00000)]
  0x000001f9dcb88000 JavaThread "Unconstrained build operations Thread 34" [_thread_blocked, id=8312, stack(0x000000ce6ab00000,0x000000ce6ac00000)]
  0x000001f9dcb88800 JavaThread "Unconstrained build operations Thread 35" [_thread_blocked, id=4644, stack(0x000000ce6ac00000,0x000000ce6ad00000)]
  0x000001f9dcb83000 JavaThread "Unconstrained build operations Thread 36" [_thread_blocked, id=18540, stack(0x000000ce6ad00000,0x000000ce6ae00000)]
  0x000001f9dcb8a800 JavaThread "Unconstrained build operations Thread 37" [_thread_blocked, id=16016, stack(0x000000ce6ae00000,0x000000ce6af00000)]
  0x000001f9dcb8b000 JavaThread "Unconstrained build operations Thread 38" [_thread_blocked, id=12328, stack(0x000000ce6af00000,0x000000ce6b000000)]
  0x000001f9dcb8c000 JavaThread "Unconstrained build operations Thread 39" [_thread_blocked, id=7220, stack(0x000000ce6b000000,0x000000ce6b100000)]
  0x000001f9dcb8c800 JavaThread "Unconstrained build operations Thread 40" [_thread_blocked, id=7044, stack(0x000000ce6b100000,0x000000ce6b200000)]
  0x000001f9dcb8d800 JavaThread "Unconstrained build operations Thread 41" [_thread_blocked, id=6728, stack(0x000000ce6b200000,0x000000ce6b300000)]
  0x000001f9dcb8e800 JavaThread "Unconstrained build operations Thread 42" [_thread_blocked, id=1944, stack(0x000000ce6b300000,0x000000ce6b400000)]
  0x000001f9dcb89800 JavaThread "Unconstrained build operations Thread 43" [_thread_blocked, id=12268, stack(0x000000ce6b400000,0x000000ce6b500000)]
  0x000001f9dc1ea000 JavaThread "Unconstrained build operations Thread 44" [_thread_blocked, id=20144, stack(0x000000ce6b500000,0x000000ce6b600000)]
  0x000001f9dc1e7800 JavaThread "Unconstrained build operations Thread 45" [_thread_blocked, id=15800, stack(0x000000ce6b600000,0x000000ce6b700000)]
  0x000001f9dc1eb000 JavaThread "Unconstrained build operations Thread 46" [_thread_blocked, id=17140, stack(0x000000ce6b700000,0x000000ce6b800000)]
  0x000001f9dc1eb800 JavaThread "Unconstrained build operations Thread 47" [_thread_blocked, id=9168, stack(0x000000ce6b800000,0x000000ce6b900000)]
  0x000001f9dc1e6000 JavaThread "Unconstrained build operations Thread 48" [_thread_blocked, id=15872, stack(0x000000ce6b900000,0x000000ce6ba00000)]
  0x000001f9dc1ec800 JavaThread "Unconstrained build operations Thread 49" [_thread_blocked, id=10484, stack(0x000000ce6ba00000,0x000000ce6bb00000)]
  0x000001f9dc1e6800 JavaThread "Unconstrained build operations Thread 50" [_thread_blocked, id=13892, stack(0x000000ce6bb00000,0x000000ce6bc00000)]
  0x000001f9dc1ed800 JavaThread "Unconstrained build operations Thread 51" [_thread_blocked, id=16500, stack(0x000000ce6bc00000,0x000000ce6bd00000)]
  0x000001f9dc1ee000 JavaThread "Unconstrained build operations Thread 52" [_thread_blocked, id=5456, stack(0x000000ce6bd00000,0x000000ce6be00000)]
  0x000001f9dc1e9000 JavaThread "Unconstrained build operations Thread 53" [_thread_blocked, id=8352, stack(0x000000ce6be00000,0x000000ce6bf00000)]
  0x000001f9dc1e8800 JavaThread "Unconstrained build operations Thread 54" [_thread_blocked, id=9640, stack(0x000000ce6bf00000,0x000000ce6c000000)]
  0x000001f9dc1f4800 JavaThread "Unconstrained build operations Thread 55" [_thread_blocked, id=3596, stack(0x000000ce6c000000,0x000000ce6c100000)]
  0x000001f9dc1f0800 JavaThread "Unconstrained build operations Thread 56" [_thread_blocked, id=11380, stack(0x000000ce6c100000,0x000000ce6c200000)]
  0x000001f9dc1ef800 JavaThread "Unconstrained build operations Thread 57" [_thread_blocked, id=6052, stack(0x000000ce6c200000,0x000000ce6c300000)]
  0x000001f9dc1ef000 JavaThread "Unconstrained build operations Thread 58" [_thread_blocked, id=18100, stack(0x000000ce6c300000,0x000000ce6c400000)]
  0x000001f9dc1f2000 JavaThread "Unconstrained build operations Thread 59" [_thread_blocked, id=3456, stack(0x000000ce6c400000,0x000000ce6c500000)]
  0x000001f9dc1f3000 JavaThread "Unconstrained build operations Thread 60" [_thread_blocked, id=18260, stack(0x000000ce6c500000,0x000000ce6c600000)]
  0x000001f9dc1f1800 JavaThread "Unconstrained build operations Thread 61" [_thread_blocked, id=16972, stack(0x000000ce6c600000,0x000000ce6c700000)]
  0x000001f9dc1f4000 JavaThread "Unconstrained build operations Thread 62" [_thread_blocked, id=16132, stack(0x000000ce6c700000,0x000000ce6c800000)]
  0x000001f9de7c3800 JavaThread "Unconstrained build operations Thread 63" [_thread_blocked, id=12664, stack(0x000000ce6c800000,0x000000ce6c900000)]
  0x000001f9de7c4800 JavaThread "Unconstrained build operations Thread 64" [_thread_blocked, id=15448, stack(0x000000ce6c900000,0x000000ce6ca00000)]
  0x000001f9de7bf000 JavaThread "Unconstrained build operations Thread 65" [_thread_blocked, id=20040, stack(0x000000ce6ca00000,0x000000ce6cb00000)]
  0x000001f9de7c5800 JavaThread "Unconstrained build operations Thread 66" [_thread_blocked, id=716, stack(0x000000ce6cb00000,0x000000ce6cc00000)]
  0x000001f9de7c1000 JavaThread "Unconstrained build operations Thread 67" [_thread_blocked, id=17248, stack(0x000000ce6cc00000,0x000000ce6cd00000)]
  0x000001f9de7c2000 JavaThread "Unconstrained build operations Thread 68" [_thread_blocked, id=8640, stack(0x000000ce6cd00000,0x000000ce6ce00000)]
  0x000001f9de7bf800 JavaThread "Unconstrained build operations Thread 69" [_thread_blocked, id=14972, stack(0x000000ce6ce00000,0x000000ce6cf00000)]
  0x000001f9de7c0800 JavaThread "Unconstrained build operations Thread 70" [_thread_blocked, id=6724, stack(0x000000ce6cf00000,0x000000ce6d000000)]
  0x000001f9de7c8000 JavaThread "Unconstrained build operations Thread 71" [_thread_blocked, id=10956, stack(0x000000ce6d000000,0x000000ce6d100000)]
  0x000001f9de7c8800 JavaThread "Unconstrained build operations Thread 72" [_thread_blocked, id=9244, stack(0x000000ce6d100000,0x000000ce6d200000)]
  0x000001f9de7c6000 JavaThread "Unconstrained build operations Thread 73" [_thread_blocked, id=19864, stack(0x000000ce6d200000,0x000000ce6d300000)]
  0x000001f9de7c7000 JavaThread "Unconstrained build operations Thread 74" [_thread_blocked, id=3144, stack(0x000000ce6d300000,0x000000ce6d400000)]
  0x000001f9de7c3000 JavaThread "Unconstrained build operations Thread 75" [_thread_blocked, id=16488, stack(0x000000ce6d400000,0x000000ce6d500000)]
  0x000001f9de7c9800 JavaThread "Unconstrained build operations Thread 76" [_thread_blocked, id=15904, stack(0x000000ce6d500000,0x000000ce6d600000)]
  0x000001f9de7cb000 JavaThread "Unconstrained build operations Thread 77" [_thread_blocked, id=5692, stack(0x000000ce6d600000,0x000000ce6d700000)]
  0x000001f9de7cd800 JavaThread "Unconstrained build operations Thread 78" [_thread_blocked, id=13516, stack(0x000000ce6d700000,0x000000ce6d800000)]
  0x000001f9de7ca000 JavaThread "Unconstrained build operations Thread 79" [_thread_blocked, id=15212, stack(0x000000ce6d800000,0x000000ce6d900000)]
  0x000001f9de7cc000 JavaThread "Unconstrained build operations Thread 80" [_thread_blocked, id=13076, stack(0x000000ce6d900000,0x000000ce6da00000)]
  0x000001f9de7cc800 JavaThread "Unconstrained build operations Thread 81" [_thread_blocked, id=2136, stack(0x000000ce6da00000,0x000000ce6db00000)]
  0x000001f9dff63800 JavaThread "Unconstrained build operations Thread 82" [_thread_blocked, id=12008, stack(0x000000ce6db00000,0x000000ce6dc00000)]
  0x000001f9dff65800 JavaThread "Unconstrained build operations Thread 83" [_thread_blocked, id=15868, stack(0x000000ce6dc00000,0x000000ce6dd00000)]
  0x000001f9dff66000 JavaThread "Unconstrained build operations Thread 84" [_thread_blocked, id=19476, stack(0x000000ce6dd00000,0x000000ce6de00000)]
  0x000001f9dff64800 JavaThread "Unconstrained build operations Thread 85" [_thread_blocked, id=19260, stack(0x000000ce6de00000,0x000000ce6df00000)]
  0x000001f9dff67000 JavaThread "Unconstrained build operations Thread 86" [_thread_blocked, id=17968, stack(0x000000ce6df00000,0x000000ce6e000000)]
  0x000001f9dff61800 JavaThread "Unconstrained build operations Thread 87" [_thread_blocked, id=2908, stack(0x000000ce6e000000,0x000000ce6e100000)]
  0x000001f9dff68000 JavaThread "Unconstrained build operations Thread 88" [_thread_blocked, id=17700, stack(0x000000ce6e100000,0x000000ce6e200000)]
  0x000001f9dff62000 JavaThread "Unconstrained build operations Thread 89" [_thread_blocked, id=7668, stack(0x000000ce6e200000,0x000000ce6e300000)]
  0x000001f9dff63000 JavaThread "Unconstrained build operations Thread 90" [_thread_blocked, id=15208, stack(0x000000ce6e300000,0x000000ce6e400000)]
  0x000001f9dff6b000 JavaThread "Unconstrained build operations Thread 91" [_thread_blocked, id=16988, stack(0x000000ce6e400000,0x000000ce6e500000)]
  0x000001f9dff69800 JavaThread "Unconstrained build operations Thread 92" [_thread_blocked, id=18920, stack(0x000000ce6e500000,0x000000ce6e600000)]
  0x000001f9dff68800 JavaThread "Unconstrained build operations Thread 93" [_thread_blocked, id=15656, stack(0x000000ce6e600000,0x000000ce6e700000)]
  0x000001f9dff6c800 JavaThread "Unconstrained build operations Thread 94" [_thread_blocked, id=5700, stack(0x000000ce6e700000,0x000000ce6e800000)]
  0x000001f9dff6d800 JavaThread "Unconstrained build operations Thread 95" [_thread_blocked, id=3336, stack(0x000000ce6e800000,0x000000ce6e900000)]
  0x000001f9dff6c000 JavaThread "Unconstrained build operations Thread 96" [_thread_blocked, id=11956, stack(0x000000ce6e900000,0x000000ce6ea00000)]
  0x000001f9dff70000 JavaThread "Unconstrained build operations Thread 97" [_thread_blocked, id=9948, stack(0x000000ce6ea00000,0x000000ce6eb00000)]
  0x000001f9dff6e800 JavaThread "Unconstrained build operations Thread 98" [_thread_blocked, id=3164, stack(0x000000ce6eb00000,0x000000ce6ec00000)]
  0x000001f9dff6a800 JavaThread "Unconstrained build operations Thread 99" [_thread_blocked, id=10016, stack(0x000000ce6ec00000,0x000000ce6ed00000)]
  0x000001f9dff6f000 JavaThread "Unconstrained build operations Thread 100" [_thread_blocked, id=18372, stack(0x000000ce6ed00000,0x000000ce6ee00000)]
  0x000001f9e00cc000 JavaThread "Unconstrained build operations Thread 101" [_thread_blocked, id=16336, stack(0x000000ce6ee00000,0x000000ce6ef00000)]
  0x000001f9e00d0000 JavaThread "Unconstrained build operations Thread 102" [_thread_blocked, id=16268, stack(0x000000ce6ef00000,0x000000ce6f000000)]
  0x000001f9e00cb000 JavaThread "Unconstrained build operations Thread 103" [_thread_blocked, id=8044, stack(0x000000ce6f000000,0x000000ce6f100000)]
  0x000001f9e00cf800 JavaThread "Unconstrained build operations Thread 104" [_thread_blocked, id=18724, stack(0x000000ce6f100000,0x000000ce6f200000)]
  0x000001f9e00d1000 JavaThread "Unconstrained build operations Thread 105" [_thread_blocked, id=7652, stack(0x000000ce6f200000,0x000000ce6f300000)]
  0x000001f9e00d2800 JavaThread "Unconstrained build operations Thread 106" [_thread_blocked, id=15280, stack(0x000000ce6f300000,0x000000ce6f400000)]
  0x000001f9e00d2000 JavaThread "Unconstrained build operations Thread 107" [_thread_blocked, id=18764, stack(0x000000ce6f400000,0x000000ce6f500000)]
  0x000001f9e00cd000 JavaThread "Unconstrained build operations Thread 108" [_thread_blocked, id=13968, stack(0x000000ce6f500000,0x000000ce6f600000)]
  0x000001f9e00d3800 JavaThread "Unconstrained build operations Thread 109" [_thread_blocked, id=14204, stack(0x000000ce6f600000,0x000000ce6f700000)]
  0x000001f9e00cd800 JavaThread "Unconstrained build operations Thread 110" [_thread_blocked, id=3364, stack(0x000000ce6f700000,0x000000ce6f800000)]
  0x000001f9e00d4000 JavaThread "Unconstrained build operations Thread 111" [_thread_blocked, id=1812, stack(0x000000ce6f800000,0x000000ce6f900000)]
  0x000001f9e00ce800 JavaThread "Unconstrained build operations Thread 112" [_thread_blocked, id=2960, stack(0x000000ce6f900000,0x000000ce6fa00000)]
  0x000001f9e00d9000 JavaThread "Unconstrained build operations Thread 113" [_thread_blocked, id=1740, stack(0x000000ce6fa00000,0x000000ce6fb00000)]
  0x000001f9e00d8800 JavaThread "Unconstrained build operations Thread 114" [_thread_blocked, id=15556, stack(0x000000ce6fb00000,0x000000ce6fc00000)]
  0x000001f9e00da000 JavaThread "Unconstrained build operations Thread 115" [_thread_blocked, id=15304, stack(0x000000ce6fc00000,0x000000ce6fd00000)]
  0x000001f9e00d5000 JavaThread "Unconstrained build operations Thread 116" [_thread_blocked, id=12360, stack(0x000000ce6fd00000,0x000000ce6fe00000)]
  0x000001f9e00d6000 JavaThread "Unconstrained build operations Thread 117" [_thread_blocked, id=10152, stack(0x000000ce6fe00000,0x000000ce6ff00000)]
  0x000001f9e00d6800 JavaThread "Unconstrained build operations Thread 118" [_thread_blocked, id=17644, stack(0x000000ce6ff00000,0x000000ce70000000)]
  0x000001f9e00d7800 JavaThread "Unconstrained build operations Thread 119" [_thread_blocked, id=32, stack(0x000000ce70000000,0x000000ce70100000)]
  0x000001f9e0edf000 JavaThread "Unconstrained build operations Thread 120" [_thread_blocked, id=5940, stack(0x000000ce70100000,0x000000ce70200000)]
  0x000001f9e0ee1800 JavaThread "Unconstrained build operations Thread 121" [_thread_blocked, id=10848, stack(0x000000ce70200000,0x000000ce70300000)]
  0x000001f9e0ee5000 JavaThread "Unconstrained build operations Thread 122" [_thread_blocked, id=12528, stack(0x000000ce70300000,0x000000ce70400000)]
  0x000001f9e0ee2800 JavaThread "jar transforms Thread 6" [_thread_blocked, id=8672, stack(0x000000ce70400000,0x000000ce70500000)]
  0x000001f9e0ee4000 JavaThread "jar transforms Thread 7" [_thread_blocked, id=15592, stack(0x000000ce70500000,0x000000ce70600000)]
  0x000001f9e0ee5800 JavaThread "jar transforms Thread 8" [_thread_blocked, id=8748, stack(0x000000ce70600000,0x000000ce70700000)]
  0x000001f9e0ee0000 JavaThread "jar transforms Thread 9" [_thread_blocked, id=18848, stack(0x000000ce70700000,0x000000ce70800000)]
  0x000001f9e0ee6800 JavaThread "jar transforms Thread 10" [_thread_blocked, id=1780, stack(0x000000ce70800000,0x000000ce70900000)]
  0x000001f9e0ee0800 JavaThread "jar transforms Thread 11" [_thread_blocked, id=16664, stack(0x000000ce70900000,0x000000ce70a00000)]
  0x000001f9e0ee7000 JavaThread "jar transforms Thread 12" [_thread_blocked, id=14088, stack(0x000000ce70a00000,0x000000ce70b00000)]
  0x000001f9e0ee8000 JavaThread "jar transforms Thread 13" [_thread_blocked, id=12552, stack(0x000000ce70b00000,0x000000ce70c00000)]
  0x000001f9e0ee9000 JavaThread "jar transforms Thread 14" [_thread_blocked, id=20136, stack(0x000000ce70c00000,0x000000ce70d00000)]
  0x000001f9e0ee3000 JavaThread "jar transforms Thread 15" [_thread_blocked, id=14340, stack(0x000000ce70d00000,0x000000ce70e00000)]
  0x000001f9e0eec000 JavaThread "jar transforms Thread 16" [_thread_blocked, id=14368, stack(0x000000ce70e00000,0x000000ce70f00000)]
  0x000001f9e0ee9800 JavaThread "Thread-158" daemon [_thread_blocked, id=11912, stack(0x000000ce70f00000,0x000000ce71000000)]
  0x000001f9e0eeb800 JavaThread "build event listener" [_thread_blocked, id=6260, stack(0x000000ce71000000,0x000000ce71100000)]
  0x000001f9e0eed000 JavaThread "Memory manager" [_thread_blocked, id=17796, stack(0x000000ce71100000,0x000000ce71200000)]

Other Threads:
  0x000001f9db3dd800 VMThread "VM Thread" [stack: 0x000000ce65300000,0x000000ce65400000] [id=16480]
  0x000001f9dc96c000 WatcherThread [stack: 0x000000ce65f00000,0x000000ce66000000] [id=15116]
  0x000001f9c03ce800 GCTaskThread "GC Thread#0" [stack: 0x000000ce64e00000,0x000000ce64f00000] [id=9660]
  0x000001f9dcd41000 GCTaskThread "GC Thread#1" [stack: 0x000000ce66000000,0x000000ce66100000] [id=7364]
  0x000001f9df8ba800 GCTaskThread "GC Thread#2" [stack: 0x000000ce66a00000,0x000000ce66b00000] [id=8004]
  0x000001f9df8bb800 GCTaskThread "GC Thread#3" [stack: 0x000000ce66b00000,0x000000ce66c00000] [id=872]
  0x000001f9df8bc000 GCTaskThread "GC Thread#4" [stack: 0x000000ce66c00000,0x000000ce66d00000] [id=8128]
  0x000001f9df8bd000 GCTaskThread "GC Thread#5" [stack: 0x000000ce66d00000,0x000000ce66e00000] [id=8472]
  0x000001f9dfc88800 GCTaskThread "GC Thread#6" [stack: 0x000000ce66e00000,0x000000ce66f00000] [id=17544]
  0x000001f9dfc89000 GCTaskThread "GC Thread#7" [stack: 0x000000ce66f00000,0x000000ce67000000] [id=14096]
  0x000001f9df991800 GCTaskThread "GC Thread#8" [stack: 0x000000ce67000000,0x000000ce67100000] [id=11048]
  0x000001f9df992000 GCTaskThread "GC Thread#9" [stack: 0x000000ce67100000,0x000000ce67200000] [id=10396]
  0x000001f9df858800 GCTaskThread "GC Thread#10" [stack: 0x000000ce67200000,0x000000ce67300000] [id=15652]
  0x000001f9df854000 GCTaskThread "GC Thread#11" [stack: 0x000000ce67300000,0x000000ce67400000] [id=14500]
  0x000001f9df857000 GCTaskThread "GC Thread#12" [stack: 0x000000ce67400000,0x000000ce67500000] [id=4920]
  0x000001f9c0402000 ConcurrentGCThread "G1 Main Marker" [stack: 0x000000ce64f00000,0x000000ce65000000] [id=8428]
  0x000001f9c0404000 ConcurrentGCThread "G1 Conc#0" [stack: 0x000000ce65000000,0x000000ce65100000] [id=12420]
  0x000001f9df853800 ConcurrentGCThread "G1 Conc#1" [stack: 0x000000ce67800000,0x000000ce67900000] [id=13984]
  0x000001f9df854800 ConcurrentGCThread "G1 Conc#2" [stack: 0x000000ce67900000,0x000000ce67a00000] [id=16308]
  0x000001f9db247800 ConcurrentGCThread "G1 Refine#0" [stack: 0x000000ce65100000,0x000000ce65200000] [id=18548]
  0x000001f9db24d000 ConcurrentGCThread "G1 Young RemSet Sampling" [stack: 0x000000ce65200000,0x000000ce65300000] [id=10632]

Threads with active compile tasks:
C2 CompilerThread0    18295 6973       4       java.lang.invoke.MethodType::makeImpl (108 bytes)

VM state:not at safepoint (normal execution)

VM Mutex/Monitor currently owned by a thread: None

Heap address: 0x0000000080000000, size: 2048 MB, Compressed Oops mode: 32-bit
Narrow klass base: 0x0000000000000000, Narrow klass shift: 3
Compressed class space size: 1073741824 Address: 0x0000000100000000

Heap:
 garbage-first heap   total 162816K, used 113712K [0x0000000080000000, 0x0000000100000000)
  region size 1024K, 66 young (67584K), 2 survivors (2048K)
 Metaspace       used 61247K, capacity 62847K, committed 63104K, reserved 1103872K
  class space    used 7679K, capacity 8312K, committed 8320K, reserved 1048576K
Heap Regions: E=young(eden), S=young(survivor), O=old, HS=humongous(starts), HC=humongous(continues), CS=collection set, F=free, A=archive, TAMS=top-at-mark-start (previous, next)
|   0|0x0000000080000000, 0x0000000080100000, 0x0000000080100000|100%| O|  |TAMS 0x0000000080100000, 0x0000000080000000| Untracked 
|   1|0x0000000080100000, 0x0000000080200000, 0x0000000080200000|100%| O|  |TAMS 0x0000000080200000, 0x0000000080100000| Untracked 
|   2|0x0000000080200000, 0x0000000080300000, 0x0000000080300000|100%| O|  |TAMS 0x0000000080300000, 0x0000000080200000| Untracked 
|   3|0x0000000080300000, 0x0000000080400000, 0x0000000080400000|100%|HS|  |TAMS 0x0000000080400000, 0x0000000080300000| Complete 
|   4|0x0000000080400000, 0x0000000080500000, 0x0000000080500000|100%|HC|  |TAMS 0x0000000080500000, 0x0000000080400000| Complete 
|   5|0x0000000080500000, 0x0000000080600000, 0x0000000080600000|100%|HC|  |TAMS 0x0000000080600000, 0x0000000080500000| Complete 
|   6|0x0000000080600000, 0x0000000080700000, 0x0000000080700000|100%| O|  |TAMS 0x0000000080700000, 0x0000000080600000| Untracked 
|   7|0x0000000080700000, 0x0000000080800000, 0x0000000080800000|100%| O|  |TAMS 0x0000000080800000, 0x0000000080700000| Untracked 
|   8|0x0000000080800000, 0x0000000080900000, 0x0000000080900000|100%| O|  |TAMS 0x0000000080900000, 0x0000000080800000| Untracked 
|   9|0x0000000080900000, 0x0000000080a00000, 0x0000000080a00000|100%| O|  |TAMS 0x0000000080a00000, 0x0000000080900000| Untracked 
|  10|0x0000000080a00000, 0x0000000080b00000, 0x0000000080b00000|100%| O|  |TAMS 0x0000000080b00000, 0x0000000080a00000| Untracked 
|  11|0x0000000080b00000, 0x0000000080c00000, 0x0000000080c00000|100%| O|  |TAMS 0x0000000080c00000, 0x0000000080b00000| Untracked 
|  12|0x0000000080c00000, 0x0000000080d00000, 0x0000000080d00000|100%| O|  |TAMS 0x0000000080d00000, 0x0000000080c00000| Untracked 
|  13|0x0000000080d00000, 0x0000000080e00000, 0x0000000080e00000|100%| O|  |TAMS 0x0000000080e00000, 0x0000000080d00000| Untracked 
|  14|0x0000000080e00000, 0x0000000080f00000, 0x0000000080f00000|100%| O|  |TAMS 0x0000000080f00000, 0x0000000080e00000| Untracked 
|  15|0x0000000080f00000, 0x0000000081000000, 0x0000000081000000|100%| O|  |TAMS 0x0000000081000000, 0x0000000080f00000| Untracked 
|  16|0x0000000081000000, 0x0000000081100000, 0x0000000081100000|100%| O|  |TAMS 0x0000000081100000, 0x0000000081000000| Untracked 
|  17|0x0000000081100000, 0x0000000081200000, 0x0000000081200000|100%| O|  |TAMS 0x0000000081200000, 0x0000000081100000| Untracked 
|  18|0x0000000081200000, 0x0000000081300000, 0x0000000081300000|100%| O|  |TAMS 0x0000000081300000, 0x0000000081200000| Untracked 
|  19|0x0000000081300000, 0x0000000081400000, 0x0000000081400000|100%| O|  |TAMS 0x0000000081400000, 0x0000000081300000| Untracked 
|  20|0x0000000081400000, 0x0000000081500000, 0x0000000081500000|100%| O|  |TAMS 0x0000000081500000, 0x0000000081400000| Untracked 
|  21|0x0000000081500000, 0x0000000081600000, 0x0000000081600000|100%|HS|  |TAMS 0x0000000081600000, 0x0000000081500000| Complete 
|  22|0x0000000081600000, 0x0000000081700000, 0x0000000081700000|100%|HS|  |TAMS 0x0000000081700000, 0x0000000081600000| Complete 
|  23|0x0000000081700000, 0x0000000081800000, 0x0000000081800000|100%| O|  |TAMS 0x0000000081800000, 0x0000000081700000| Untracked 
|  24|0x0000000081800000, 0x0000000081900000, 0x0000000081900000|100%| O|  |TAMS 0x0000000081900000, 0x0000000081800000| Untracked 
|  25|0x0000000081900000, 0x0000000081a00000, 0x0000000081a00000|100%| O|  |TAMS 0x0000000081a00000, 0x0000000081900000| Untracked 
|  26|0x0000000081a00000, 0x0000000081b00000, 0x0000000081b00000|100%| O|  |TAMS 0x0000000081b00000, 0x0000000081a00000| Untracked 
|  27|0x0000000081b00000, 0x0000000081c00000, 0x0000000081c00000|100%| O|  |TAMS 0x0000000081c00000, 0x0000000081b00000| Untracked 
|  28|0x0000000081c00000, 0x0000000081d00000, 0x0000000081d00000|100%| O|  |TAMS 0x0000000081d00000, 0x0000000081c00000| Untracked 
|  29|0x0000000081d00000, 0x0000000081e00000, 0x0000000081e00000|100%| O|  |TAMS 0x0000000081e00000, 0x0000000081d00000| Untracked 
|  30|0x0000000081e00000, 0x0000000081f00000, 0x0000000081f00000|100%| O|  |TAMS 0x0000000081f00000, 0x0000000081e00000| Untracked 
|  31|0x0000000081f00000, 0x0000000082000000, 0x0000000082000000|100%| O|  |TAMS 0x0000000082000000, 0x0000000081f00000| Untracked 
|  32|0x0000000082000000, 0x0000000082100000, 0x0000000082100000|100%| O|  |TAMS 0x0000000082100000, 0x0000000082000000| Untracked 
|  33|0x0000000082100000, 0x0000000082200000, 0x0000000082200000|100%| O|  |TAMS 0x0000000082200000, 0x0000000082100000| Untracked 
|  34|0x0000000082200000, 0x0000000082300000, 0x0000000082300000|100%| O|  |TAMS 0x0000000082300000, 0x0000000082200000| Untracked 
|  35|0x0000000082300000, 0x0000000082400000, 0x0000000082400000|100%| O|  |TAMS 0x0000000082400000, 0x0000000082300000| Untracked 
|  36|0x0000000082400000, 0x0000000082500000, 0x0000000082500000|100%| O|  |TAMS 0x0000000082500000, 0x0000000082400000| Untracked 
|  37|0x0000000082500000, 0x0000000082600000, 0x0000000082600000|100%| O|  |TAMS 0x0000000082600000, 0x0000000082500000| Untracked 
|  38|0x0000000082600000, 0x0000000082700000, 0x0000000082700000|100%| O|  |TAMS 0x0000000082700000, 0x0000000082600000| Untracked 
|  39|0x0000000082700000, 0x000000008271e600, 0x0000000082800000| 11%| O|  |TAMS 0x000000008271e600, 0x0000000082700000| Untracked 
|  40|0x0000000082800000, 0x0000000082900000, 0x0000000082900000|100%|HS|  |TAMS 0x0000000082800000, 0x0000000082800000| Complete 
|  41|0x0000000082900000, 0x0000000082a00000, 0x0000000082a00000|100%|HS|  |TAMS 0x0000000082900000, 0x0000000082900000| Complete 
|  42|0x0000000082a00000, 0x0000000082b00000, 0x0000000082b00000|100%|HS|  |TAMS 0x0000000082a00000, 0x0000000082a00000| Complete 
|  43|0x0000000082b00000, 0x0000000082c00000, 0x0000000082c00000|100%|HS|  |TAMS 0x0000000082b00000, 0x0000000082b00000| Complete 
|  44|0x0000000082c00000, 0x0000000082d00000, 0x0000000082d00000|100%|HS|  |TAMS 0x0000000082c00000, 0x0000000082c00000| Complete 
|  45|0x0000000082d00000, 0x0000000082e00000, 0x0000000082e00000|100%|HS|  |TAMS 0x0000000082d00000, 0x0000000082d00000| Complete 
|  46|0x0000000082e00000, 0x0000000082f00000, 0x0000000082f00000|100%|HS|  |TAMS 0x0000000082e00000, 0x0000000082e00000| Complete 
|  47|0x0000000082f00000, 0x0000000082f00000, 0x0000000083000000|  0%| F|  |TAMS 0x0000000082f00000, 0x0000000082f00000| Untracked 
|  48|0x0000000083000000, 0x0000000083000000, 0x0000000083100000|  0%| F|  |TAMS 0x0000000083000000, 0x0000000083000000| Untracked 
|  49|0x0000000083100000, 0x0000000083100000, 0x0000000083200000|  0%| F|  |TAMS 0x0000000083100000, 0x0000000083100000| Untracked 
|  50|0x0000000083200000, 0x0000000083200000, 0x0000000083300000|  0%| F|  |TAMS 0x0000000083200000, 0x0000000083200000| Untracked 
|  51|0x0000000083300000, 0x0000000083300000, 0x0000000083400000|  0%| F|  |TAMS 0x0000000083300000, 0x0000000083300000| Untracked 
|  52|0x0000000083400000, 0x0000000083400000, 0x0000000083500000|  0%| F|  |TAMS 0x0000000083400000, 0x0000000083400000| Untracked 
|  53|0x0000000083500000, 0x0000000083500000, 0x0000000083600000|  0%| F|  |TAMS 0x0000000083500000, 0x0000000083500000| Untracked 
|  54|0x0000000083600000, 0x0000000083600000, 0x0000000083700000|  0%| F|  |TAMS 0x0000000083600000, 0x0000000083600000| Untracked 
|  55|0x0000000083700000, 0x0000000083700000, 0x0000000083800000|  0%| F|  |TAMS 0x0000000083700000, 0x0000000083700000| Untracked 
|  56|0x0000000083800000, 0x0000000083800000, 0x0000000083900000|  0%| F|  |TAMS 0x0000000083800000, 0x0000000083800000| Untracked 
|  57|0x0000000083900000, 0x0000000083900000, 0x0000000083a00000|  0%| F|  |TAMS 0x0000000083900000, 0x0000000083900000| Untracked 
|  58|0x0000000083a00000, 0x0000000083a00000, 0x0000000083b00000|  0%| F|  |TAMS 0x0000000083a00000, 0x0000000083a00000| Untracked 
|  59|0x0000000083b00000, 0x0000000083b00000, 0x0000000083c00000|  0%| F|  |TAMS 0x0000000083b00000, 0x0000000083b00000| Untracked 
|  60|0x0000000083c00000, 0x0000000083c00000, 0x0000000083d00000|  0%| F|  |TAMS 0x0000000083c00000, 0x0000000083c00000| Untracked 
|  61|0x0000000083d00000, 0x0000000083d00000, 0x0000000083e00000|  0%| F|  |TAMS 0x0000000083d00000, 0x0000000083d00000| Untracked 
|  62|0x0000000083e00000, 0x0000000083e00000, 0x0000000083f00000|  0%| F|  |TAMS 0x0000000083e00000, 0x0000000083e00000| Untracked 
|  63|0x0000000083f00000, 0x0000000083f00000, 0x0000000084000000|  0%| F|  |TAMS 0x0000000083f00000, 0x0000000083f00000| Untracked 
|  64|0x0000000084000000, 0x0000000084000000, 0x0000000084100000|  0%| F|  |TAMS 0x0000000084000000, 0x0000000084000000| Untracked 
|  65|0x0000000084100000, 0x0000000084100000, 0x0000000084200000|  0%| F|  |TAMS 0x0000000084100000, 0x0000000084100000| Untracked 
|  66|0x0000000084200000, 0x0000000084200000, 0x0000000084300000|  0%| F|  |TAMS 0x0000000084200000, 0x0000000084200000| Untracked 
|  67|0x0000000084300000, 0x0000000084300000, 0x0000000084400000|  0%| F|  |TAMS 0x0000000084300000, 0x0000000084300000| Untracked 
|  68|0x0000000084400000, 0x0000000084400000, 0x0000000084500000|  0%| F|  |TAMS 0x0000000084400000, 0x0000000084400000| Untracked 
|  69|0x0000000084500000, 0x0000000084500000, 0x0000000084600000|  0%| F|  |TAMS 0x0000000084500000, 0x0000000084500000| Untracked 
|  70|0x0000000084600000, 0x0000000084600000, 0x0000000084700000|  0%| F|  |TAMS 0x0000000084600000, 0x0000000084600000| Untracked 
|  71|0x0000000084700000, 0x0000000084700000, 0x0000000084800000|  0%| F|  |TAMS 0x0000000084700000, 0x0000000084700000| Untracked 
|  72|0x0000000084800000, 0x0000000084800000, 0x0000000084900000|  0%| F|  |TAMS 0x0000000084800000, 0x0000000084800000| Untracked 
|  73|0x0000000084900000, 0x0000000084900000, 0x0000000084a00000|  0%| F|  |TAMS 0x0000000084900000, 0x0000000084900000| Untracked 
|  74|0x0000000084a00000, 0x0000000084a00000, 0x0000000084b00000|  0%| F|  |TAMS 0x0000000084a00000, 0x0000000084a00000| Untracked 
|  75|0x0000000084b00000, 0x0000000084b00000, 0x0000000084c00000|  0%| F|  |TAMS 0x0000000084b00000, 0x0000000084b00000| Untracked 
|  76|0x0000000084c00000, 0x0000000084c00000, 0x0000000084d00000|  0%| F|  |TAMS 0x0000000084c00000, 0x0000000084c00000| Untracked 
|  77|0x0000000084d00000, 0x0000000084d00000, 0x0000000084e00000|  0%| F|  |TAMS 0x0000000084d00000, 0x0000000084d00000| Untracked 
|  78|0x0000000084e00000, 0x0000000084e00000, 0x0000000084f00000|  0%| F|  |TAMS 0x0000000084e00000, 0x0000000084e00000| Untracked 
|  79|0x0000000084f00000, 0x0000000084f00000, 0x0000000085000000|  0%| F|  |TAMS 0x0000000084f00000, 0x0000000084f00000| Untracked 
|  80|0x0000000085000000, 0x0000000085000000, 0x0000000085100000|  0%| F|  |TAMS 0x0000000085000000, 0x0000000085000000| Untracked 
|  81|0x0000000085100000, 0x0000000085100000, 0x0000000085200000|  0%| F|  |TAMS 0x0000000085100000, 0x0000000085100000| Untracked 
|  82|0x0000000085200000, 0x0000000085200000, 0x0000000085300000|  0%| F|  |TAMS 0x0000000085200000, 0x0000000085200000| Untracked 
|  83|0x0000000085300000, 0x0000000085300000, 0x0000000085400000|  0%| F|  |TAMS 0x0000000085300000, 0x0000000085300000| Untracked 
|  84|0x0000000085400000, 0x0000000085400000, 0x0000000085500000|  0%| F|  |TAMS 0x0000000085400000, 0x0000000085400000| Untracked 
|  85|0x0000000085500000, 0x0000000085500000, 0x0000000085600000|  0%| F|  |TAMS 0x0000000085500000, 0x0000000085500000| Untracked 
|  86|0x0000000085600000, 0x0000000085600000, 0x0000000085700000|  0%| F|  |TAMS 0x0000000085600000, 0x0000000085600000| Untracked 
|  87|0x0000000085700000, 0x0000000085700000, 0x0000000085800000|  0%| F|  |TAMS 0x0000000085700000, 0x0000000085700000| Untracked 
|  88|0x0000000085800000, 0x0000000085800000, 0x0000000085900000|  0%| F|  |TAMS 0x0000000085800000, 0x0000000085800000| Untracked 
|  89|0x0000000085900000, 0x0000000085900000, 0x0000000085a00000|  0%| F|  |TAMS 0x0000000085900000, 0x0000000085900000| Untracked 
|  90|0x0000000085a00000, 0x0000000085a00000, 0x0000000085b00000|  0%| F|  |TAMS 0x0000000085a00000, 0x0000000085a00000| Untracked 
|  91|0x0000000085b00000, 0x0000000085b00000, 0x0000000085c00000|  0%| F|  |TAMS 0x0000000085b00000, 0x0000000085b00000| Untracked 
|  92|0x0000000085c00000, 0x0000000085c00000, 0x0000000085d00000|  0%| F|  |TAMS 0x0000000085c00000, 0x0000000085c00000| Untracked 
|  93|0x0000000085d00000, 0x0000000085d00800, 0x0000000085e00000|  0%| E|  |TAMS 0x0000000085d00000, 0x0000000085d00000| Complete 
|  94|0x0000000085e00000, 0x0000000085f00000, 0x0000000085f00000|100%| E|CS|TAMS 0x0000000085e00000, 0x0000000085e00000| Complete 
|  95|0x0000000085f00000, 0x0000000086000000, 0x0000000086000000|100%| E|CS|TAMS 0x0000000085f00000, 0x0000000085f00000| Complete 
|  96|0x0000000086000000, 0x0000000086100000, 0x0000000086100000|100%| E|CS|TAMS 0x0000000086000000, 0x0000000086000000| Complete 
|  97|0x0000000086100000, 0x0000000086200000, 0x0000000086200000|100%| E|CS|TAMS 0x0000000086100000, 0x0000000086100000| Complete 
|  98|0x0000000086200000, 0x0000000086300000, 0x0000000086300000|100%| E|CS|TAMS 0x0000000086200000, 0x0000000086200000| Complete 
|  99|0x0000000086300000, 0x0000000086400000, 0x0000000086400000|100%| E|CS|TAMS 0x0000000086300000, 0x0000000086300000| Complete 
| 100|0x0000000086400000, 0x0000000086500000, 0x0000000086500000|100%| E|CS|TAMS 0x0000000086400000, 0x0000000086400000| Complete 
| 101|0x0000000086500000, 0x0000000086600000, 0x0000000086600000|100%| E|CS|TAMS 0x0000000086500000, 0x0000000086500000| Complete 
| 102|0x0000000086600000, 0x0000000086700000, 0x0000000086700000|100%| E|CS|TAMS 0x0000000086600000, 0x0000000086600000| Complete 
| 103|0x0000000086700000, 0x0000000086800000, 0x0000000086800000|100%| E|CS|TAMS 0x0000000086700000, 0x0000000086700000| Complete 
| 104|0x0000000086800000, 0x0000000086900000, 0x0000000086900000|100%| E|CS|TAMS 0x0000000086800000, 0x0000000086800000| Complete 
| 105|0x0000000086900000, 0x0000000086a00000, 0x0000000086a00000|100%| E|CS|TAMS 0x0000000086900000, 0x0000000086900000| Complete 
| 106|0x0000000086a00000, 0x0000000086b00000, 0x0000000086b00000|100%| E|CS|TAMS 0x0000000086a00000, 0x0000000086a00000| Complete 
| 107|0x0000000086b00000, 0x0000000086c00000, 0x0000000086c00000|100%| E|CS|TAMS 0x0000000086b00000, 0x0000000086b00000| Complete 
| 108|0x0000000086c00000, 0x0000000086d00000, 0x0000000086d00000|100%| E|CS|TAMS 0x0000000086c00000, 0x0000000086c00000| Complete 
| 109|0x0000000086d00000, 0x0000000086e00000, 0x0000000086e00000|100%| E|CS|TAMS 0x0000000086d00000, 0x0000000086d00000| Complete 
| 110|0x0000000086e00000, 0x0000000086f00000, 0x0000000086f00000|100%| E|CS|TAMS 0x0000000086e00000, 0x0000000086e00000| Complete 
| 111|0x0000000086f00000, 0x0000000087000000, 0x0000000087000000|100%| E|CS|TAMS 0x0000000086f00000, 0x0000000086f00000| Complete 
| 112|0x0000000087000000, 0x0000000087100000, 0x0000000087100000|100%| E|CS|TAMS 0x0000000087000000, 0x0000000087000000| Complete 
| 113|0x0000000087100000, 0x0000000087200000, 0x0000000087200000|100%| E|CS|TAMS 0x0000000087100000, 0x0000000087100000| Complete 
| 114|0x0000000087200000, 0x0000000087300000, 0x0000000087300000|100%| E|CS|TAMS 0x0000000087200000, 0x0000000087200000| Complete 
| 115|0x0000000087300000, 0x0000000087400000, 0x0000000087400000|100%| E|CS|TAMS 0x0000000087300000, 0x0000000087300000| Complete 
| 116|0x0000000087400000, 0x0000000087500000, 0x0000000087500000|100%| E|CS|TAMS 0x0000000087400000, 0x0000000087400000| Complete 
| 117|0x0000000087500000, 0x00000000875eddd0, 0x0000000087600000| 92%| S|CS|TAMS 0x0000000087500000, 0x0000000087500000| Complete 
| 118|0x0000000087600000, 0x0000000087700000, 0x0000000087700000|100%| S|CS|TAMS 0x0000000087600000, 0x0000000087600000| Complete 
| 119|0x0000000087700000, 0x0000000087800000, 0x0000000087800000|100%| E|CS|TAMS 0x0000000087700000, 0x0000000087700000| Complete 
| 120|0x0000000087800000, 0x0000000087900000, 0x0000000087900000|100%| E|CS|TAMS 0x0000000087800000, 0x0000000087800000| Complete 
| 121|0x0000000087900000, 0x0000000087a00000, 0x0000000087a00000|100%| E|CS|TAMS 0x0000000087900000, 0x0000000087900000| Complete 
| 122|0x0000000087a00000, 0x0000000087b00000, 0x0000000087b00000|100%| E|CS|TAMS 0x0000000087a00000, 0x0000000087a00000| Complete 
| 123|0x0000000087b00000, 0x0000000087c00000, 0x0000000087c00000|100%| E|CS|TAMS 0x0000000087b00000, 0x0000000087b00000| Complete 
| 124|0x0000000087c00000, 0x0000000087d00000, 0x0000000087d00000|100%| E|CS|TAMS 0x0000000087c00000, 0x0000000087c00000| Complete 
| 125|0x0000000087d00000, 0x0000000087e00000, 0x0000000087e00000|100%| E|CS|TAMS 0x0000000087d00000, 0x0000000087d00000| Complete 
| 126|0x0000000087e00000, 0x0000000087f00000, 0x0000000087f00000|100%| E|CS|TAMS 0x0000000087e00000, 0x0000000087e00000| Complete 
| 127|0x0000000087f00000, 0x0000000088000000, 0x0000000088000000|100%| E|CS|TAMS 0x0000000087f00000, 0x0000000087f00000| Complete 
| 128|0x0000000088000000, 0x0000000088100000, 0x0000000088100000|100%| E|CS|TAMS 0x0000000088000000, 0x0000000088000000| Complete 
| 129|0x0000000088100000, 0x0000000088200000, 0x0000000088200000|100%| E|CS|TAMS 0x0000000088100000, 0x0000000088100000| Complete 
| 130|0x0000000088200000, 0x0000000088300000, 0x0000000088300000|100%| E|CS|TAMS 0x0000000088200000, 0x0000000088200000| Complete 
| 131|0x0000000088300000, 0x0000000088400000, 0x0000000088400000|100%| E|CS|TAMS 0x0000000088300000, 0x0000000088300000| Complete 
| 132|0x0000000088400000, 0x0000000088500000, 0x0000000088500000|100%| E|CS|TAMS 0x0000000088400000, 0x0000000088400000| Complete 
| 133|0x0000000088500000, 0x0000000088600000, 0x0000000088600000|100%| E|CS|TAMS 0x0000000088500000, 0x0000000088500000| Complete 
| 134|0x0000000088600000, 0x0000000088700000, 0x0000000088700000|100%| E|CS|TAMS 0x0000000088600000, 0x0000000088600000| Complete 
| 135|0x0000000088700000, 0x0000000088800000, 0x0000000088800000|100%| E|CS|TAMS 0x0000000088700000, 0x0000000088700000| Complete 
| 136|0x0000000088800000, 0x0000000088900000, 0x0000000088900000|100%| E|CS|TAMS 0x0000000088800000, 0x0000000088800000| Complete 
| 137|0x0000000088900000, 0x0000000088a00000, 0x0000000088a00000|100%| E|CS|TAMS 0x0000000088900000, 0x0000000088900000| Complete 
| 138|0x0000000088a00000, 0x0000000088b00000, 0x0000000088b00000|100%| E|CS|TAMS 0x0000000088a00000, 0x0000000088a00000| Complete 
| 139|0x0000000088b00000, 0x0000000088c00000, 0x0000000088c00000|100%| E|CS|TAMS 0x0000000088b00000, 0x0000000088b00000| Complete 
| 140|0x0000000088c00000, 0x0000000088d00000, 0x0000000088d00000|100%| E|CS|TAMS 0x0000000088c00000, 0x0000000088c00000| Complete 
| 141|0x0000000088d00000, 0x0000000088e00000, 0x0000000088e00000|100%| E|CS|TAMS 0x0000000088d00000, 0x0000000088d00000| Complete 
| 142|0x0000000088e00000, 0x0000000088f00000, 0x0000000088f00000|100%| E|CS|TAMS 0x0000000088e00000, 0x0000000088e00000| Complete 
| 143|0x0000000088f00000, 0x0000000089000000, 0x0000000089000000|100%| E|CS|TAMS 0x0000000088f00000, 0x0000000088f00000| Complete 
| 144|0x0000000089000000, 0x0000000089100000, 0x0000000089100000|100%| E|CS|TAMS 0x0000000089000000, 0x0000000089000000| Complete 
| 145|0x0000000089100000, 0x0000000089200000, 0x0000000089200000|100%| E|CS|TAMS 0x0000000089100000, 0x0000000089100000| Complete 
| 146|0x0000000089200000, 0x0000000089300000, 0x0000000089300000|100%| E|CS|TAMS 0x0000000089200000, 0x0000000089200000| Complete 
| 147|0x0000000089300000, 0x0000000089400000, 0x0000000089400000|100%| E|CS|TAMS 0x0000000089300000, 0x0000000089300000| Complete 
| 148|0x0000000089400000, 0x0000000089500000, 0x0000000089500000|100%| E|CS|TAMS 0x0000000089400000, 0x0000000089400000| Complete 
| 149|0x0000000089500000, 0x0000000089600000, 0x0000000089600000|100%| E|CS|TAMS 0x0000000089500000, 0x0000000089500000| Complete 
| 150|0x0000000089600000, 0x0000000089700000, 0x0000000089700000|100%| E|CS|TAMS 0x0000000089600000, 0x0000000089600000| Complete 
| 151|0x0000000089700000, 0x0000000089800000, 0x0000000089800000|100%| E|CS|TAMS 0x0000000089700000, 0x0000000089700000| Complete 
| 152|0x0000000089800000, 0x0000000089900000, 0x0000000089900000|100%| E|CS|TAMS 0x0000000089800000, 0x0000000089800000| Complete 
| 153|0x0000000089900000, 0x0000000089a00000, 0x0000000089a00000|100%| E|CS|TAMS 0x0000000089900000, 0x0000000089900000| Complete 
| 154|0x0000000089a00000, 0x0000000089b00000, 0x0000000089b00000|100%| E|CS|TAMS 0x0000000089a00000, 0x0000000089a00000| Complete 
| 155|0x0000000089b00000, 0x0000000089c00000, 0x0000000089c00000|100%| E|CS|TAMS 0x0000000089b00000, 0x0000000089b00000| Complete 
| 156|0x0000000089c00000, 0x0000000089d00000, 0x0000000089d00000|100%| E|CS|TAMS 0x0000000089c00000, 0x0000000089c00000| Complete 
| 157|0x0000000089d00000, 0x0000000089e00000, 0x0000000089e00000|100%| E|CS|TAMS 0x0000000089d00000, 0x0000000089d00000| Complete 
| 158|0x0000000089e00000, 0x0000000089f00000, 0x0000000089f00000|100%| E|CS|TAMS 0x0000000089e00000, 0x0000000089e00000| Complete 

Card table byte_map: [0x000001f9d3b60000,0x000001f9d3f60000] _byte_map_base: 0x000001f9d3760000

Marking Bits (Prev, Next): (CMBitMap*) 0x000001f9c03f92b0, (CMBitMap*) 0x000001f9c03f9278
 Prev Bits: [0x000001f9d6360000, 0x000001f9d8360000)
 Next Bits: [0x000001f9d4360000, 0x000001f9d6360000)

Polling page: 0x000001f9bfb90000

Metaspace:

Usage:
  Non-class:     53.26 MB capacity,    52.31 MB ( 98%) used,   790.04 KB (  1%) free+waste,   175.75 KB ( <1%) overhead. 
      Class:      8.12 MB capacity,     7.50 MB ( 92%) used,   548.34 KB (  7%) free+waste,    83.88 KB (  1%) overhead. 
       Both:     61.37 MB capacity,    59.81 MB ( 97%) used,     1.31 MB (  2%) free+waste,   259.62 KB ( <1%) overhead. 

Virtual space:
  Non-class space:       54.00 MB reserved,      53.50 MB (>99%) committed 
      Class space:        1.00 GB reserved,       8.12 MB ( <1%) committed 
             Both:        1.05 GB reserved,      61.62 MB (  6%) committed 

Chunk freelists:
   Non-Class:  57.00 KB
       Class:  8.00 KB
        Both:  65.00 KB

MaxMetaspaceSize: 17179869184.00 GB
CompressedClassSpaceSize: 1.00 GB
Initial GC threshold: 20.80 MB
Current GC threshold: 98.75 MB
CDS: off

CodeHeap 'non-profiled nmethods': size=119168Kb used=3451Kb max_used=3451Kb free=115716Kb
 bounds [0x000001f9cba80000, 0x000001f9cbde0000, 0x000001f9d2ee0000]
CodeHeap 'profiled nmethods': size=119168Kb used=13230Kb max_used=13230Kb free=105937Kb
 bounds [0x000001f9c4620000, 0x000001f9c5310000, 0x000001f9cba80000]
CodeHeap 'non-nmethods': size=7424Kb used=3471Kb max_used=3518Kb free=3953Kb
 bounds [0x000001f9c3ee0000, 0x000001f9c4260000, 0x000001f9c4620000]
 total_blobs=7912 nmethods=7050 adapters=772
 compilation: enabled
              stopped_count=0, restarted_count=0
 full_count=0

Compilation events (20 events):
Event: 18.200 Thread 0x000001f9db3f2800 7277   !   3       java.util.zip.ZipFile::getMetaInfEntryNames (106 bytes)
Event: 18.201 Thread 0x000001f9db3f2800 nmethod 7277 0x000001f9c52faf90 code [0x000001f9c52fb1a0, 0x000001f9c52fba38]
Event: 18.237 Thread 0x000001f9dbe3b800 7287       3       sun.security.util.DerInputBuffer::toDigit (49 bytes)
Event: 18.237 Thread 0x000001f9db3f2800 7288       3       sun.security.util.ObjectIdentifier::check (80 bytes)
Event: 18.237 Thread 0x000001f9dbe3c000 7289       3       sun.security.util.ObjectIdentifier::equals (33 bytes)
Event: 18.238 Thread 0x000001f9dbe3c000 nmethod 7289 0x000001f9c52fbf90 code [0x000001f9c52fc160, 0x000001f9c52fc508]
Event: 18.238 Thread 0x000001f9db3f2800 nmethod 7288 0x000001f9c52fc610 code [0x000001f9c52fc800, 0x000001f9c52fcc98]
Event: 18.238 Thread 0x000001f9dbe3c000 7291       3       sun.security.provider.SHA::implCompress0 (482 bytes)
Event: 18.239 Thread 0x000001f9dbe3b800 nmethod 7287 0x000001f9c52fce10 code [0x000001f9c52fd080, 0x000001f9c52fd9a8]
Event: 18.240 Thread 0x000001f9dbe3c000 nmethod 7291 0x000001f9c52fdd10 code [0x000001f9c52fdf40, 0x000001f9c52fe7f8]
Event: 18.240 Thread 0x000001f9db3f2800 7292       3       java.lang.Class::getConstructor (31 bytes)
Event: 18.242 Thread 0x000001f9db3f2800 nmethod 7292 0x000001f9c52fec90 code [0x000001f9c52fef00, 0x000001f9c52ff728]
Event: 18.247 Thread 0x000001f9dbe3b800 7295       3       java.math.BigInteger::multiplyToLen (20 bytes)
Event: 18.247 Thread 0x000001f9dbe3c000 7296       3       java.math.BigInteger::montgomeryMultiply (54 bytes)
Event: 18.247 Thread 0x000001f9db3f2800 7297       3       java.math.BigInteger::implMontgomeryMultiply (22 bytes)
Event: 18.248 Thread 0x000001f9dbe3b800 nmethod 7295 0x000001f9c52ffa10 code [0x000001f9c52ffc60, 0x000001f9c53003a8]
Event: 18.248 Thread 0x000001f9dbe3b800 7298       1       sun.security.x509.X509AttributeName::getSuffix (5 bytes)
Event: 18.248 Thread 0x000001f9db3f2800 nmethod 7297 0x000001f9c5300710 code [0x000001f9c5300960, 0x000001f9c5301178]
Event: 18.248 Thread 0x000001f9dbe3b800 nmethod 7298 0x000001f9cbdde790 code [0x000001f9cbdde940, 0x000001f9cbdde9f8]
Event: 18.248 Thread 0x000001f9dbe3c000 nmethod 7296 0x000001f9c5301510 code [0x000001f9c53017e0, 0x000001f9c5302408]

GC Heap History (20 events):
Event: 7.078 GC heap before
{Heap before GC invocations=9 (full 0):
 garbage-first heap   total 135168K, used 94946K [0x0000000080000000, 0x0000000100000000)
  region size 1024K, 79 young (80896K), 6 survivors (6144K)
 Metaspace       used 34159K, capacity 35001K, committed 35072K, reserved 1079296K
  class space    used 4503K, capacity 4824K, committed 4864K, reserved 1048576K
}
Event: 7.084 GC heap after
{Heap after GC invocations=10 (full 0):
 garbage-first heap   total 135168K, used 22259K [0x0000000080000000, 0x0000000100000000)
  region size 1024K, 8 young (8192K), 8 survivors (8192K)
 Metaspace       used 34159K, capacity 35001K, committed 35072K, reserved 1079296K
  class space    used 4503K, capacity 4824K, committed 4864K, reserved 1048576K
}
Event: 7.197 GC heap before
{Heap before GC invocations=10 (full 0):
 garbage-first heap   total 135168K, used 35571K [0x0000000080000000, 0x0000000100000000)
  region size 1024K, 22 young (22528K), 8 survivors (8192K)
 Metaspace       used 34852K, capacity 35682K, committed 35840K, reserved 1081344K
  class space    used 4544K, capacity 4879K, committed 4992K, reserved 1048576K
}
Event: 7.207 GC heap after
{Heap after GC invocations=11 (full 0):
 garbage-first heap   total 135168K, used 22374K [0x0000000080000000, 0x0000000100000000)
  region size 1024K, 5 young (5120K), 5 survivors (5120K)
 Metaspace       used 34852K, capacity 35682K, committed 35840K, reserved 1081344K
  class space    used 4544K, capacity 4879K, committed 4992K, reserved 1048576K
}
Event: 7.958 GC heap before
{Heap before GC invocations=12 (full 0):
 garbage-first heap   total 135168K, used 97126K [0x0000000080000000, 0x0000000100000000)
  region size 1024K, 79 young (80896K), 5 survivors (5120K)
 Metaspace       used 38809K, capacity 39769K, committed 39936K, reserved 1083392K
  class space    used 4948K, capacity 5305K, committed 5376K, reserved 1048576K
}
Event: 7.964 GC heap after
{Heap after GC invocations=13 (full 0):
 garbage-first heap   total 135168K, used 23428K [0x0000000080000000, 0x0000000100000000)
  region size 1024K, 6 young (6144K), 6 survivors (6144K)
 Metaspace       used 38809K, capacity 39769K, committed 39936K, reserved 1083392K
  class space    used 4948K, capacity 5305K, committed 5376K, reserved 1048576K
}
Event: 8.902 GC heap before
{Heap before GC invocations=13 (full 0):
 garbage-first heap   total 135168K, used 107396K [0x0000000080000000, 0x0000000100000000)
  region size 1024K, 79 young (80896K), 6 survivors (6144K)
 Metaspace       used 41453K, capacity 42512K, committed 42752K, reserved 1087488K
  class space    used 5166K, capacity 5575K, committed 5632K, reserved 1048576K
}
Event: 8.912 GC heap after
{Heap after GC invocations=14 (full 0):
 garbage-first heap   total 135168K, used 26810K [0x0000000080000000, 0x0000000100000000)
  region size 1024K, 8 young (8192K), 8 survivors (8192K)
 Metaspace       used 41453K, capacity 42512K, committed 42752K, reserved 1087488K
  class space    used 5166K, capacity 5575K, committed 5632K, reserved 1048576K
}
Event: 10.947 GC heap before
{Heap before GC invocations=14 (full 0):
 garbage-first heap   total 135168K, used 99514K [0x0000000080000000, 0x0000000100000000)
  region size 1024K, 79 young (80896K), 8 survivors (8192K)
 Metaspace       used 43868K, capacity 44988K, committed 45184K, reserved 1089536K
  class space    used 5531K, capacity 5950K, committed 6016K, reserved 1048576K
}
Event: 10.957 GC heap after
{Heap after GC invocations=15 (full 0):
 garbage-first heap   total 135168K, used 29496K [0x0000000080000000, 0x0000000100000000)
  region size 1024K, 8 young (8192K), 8 survivors (8192K)
 Metaspace       used 43868K, capacity 44988K, committed 45184K, reserved 1089536K
  class space    used 5531K, capacity 5950K, committed 6016K, reserved 1048576K
}
Event: 11.848 GC heap before
{Heap before GC invocations=15 (full 0):
 garbage-first heap   total 135168K, used 105272K [0x0000000080000000, 0x0000000100000000)
  region size 1024K, 79 young (80896K), 8 survivors (8192K)
 Metaspace       used 46808K, capacity 47873K, committed 48128K, reserved 1091584K
  class space    used 5881K, capacity 6294K, committed 6400K, reserved 1048576K
}
Event: 11.856 GC heap after
{Heap after GC invocations=16 (full 0):
 garbage-first heap   total 135168K, used 30620K [0x0000000080000000, 0x0000000100000000)
  region size 1024K, 5 young (5120K), 5 survivors (5120K)
 Metaspace       used 46808K, capacity 47873K, committed 48128K, reserved 1091584K
  class space    used 5881K, capacity 6294K, committed 6400K, reserved 1048576K
}
Event: 13.129 GC heap before
{Heap before GC invocations=16 (full 0):
 garbage-first heap   total 135168K, used 106396K [0x0000000080000000, 0x0000000100000000)
  region size 1024K, 79 young (80896K), 5 survivors (5120K)
 Metaspace       used 49681K, capacity 50902K, committed 51072K, reserved 1093632K
  class space    used 6267K, capacity 6751K, committed 6784K, reserved 1048576K
}
Event: 13.137 GC heap after
{Heap after GC invocations=17 (full 0):
 garbage-first heap   total 162816K, used 31931K [0x0000000080000000, 0x0000000100000000)
  region size 1024K, 6 young (6144K), 6 survivors (6144K)
 Metaspace       used 49681K, capacity 50902K, committed 51072K, reserved 1093632K
  class space    used 6267K, capacity 6751K, committed 6784K, reserved 1048576K
}
Event: 15.388 GC heap before
{Heap before GC invocations=17 (full 0):
 garbage-first heap   total 162816K, used 125115K [0x0000000080000000, 0x0000000100000000)
  region size 1024K, 95 young (97280K), 6 survivors (6144K)
 Metaspace       used 52220K, capacity 53627K, committed 53760K, reserved 1095680K
  class space    used 6532K, capacity 7080K, committed 7168K, reserved 1048576K
}
Event: 15.399 GC heap after
{Heap after GC invocations=18 (full 0):
 garbage-first heap   total 162816K, used 40469K [0x0000000080000000, 0x0000000100000000)
  region size 1024K, 12 young (12288K), 12 survivors (12288K)
 Metaspace       used 52220K, capacity 53627K, committed 53760K, reserved 1095680K
  class space    used 6532K, capacity 7080K, committed 7168K, reserved 1048576K
}
Event: 16.852 GC heap before
{Heap before GC invocations=18 (full 0):
 garbage-first heap   total 162816K, used 125461K [0x0000000080000000, 0x0000000100000000)
  region size 1024K, 95 young (97280K), 12 survivors (12288K)
 Metaspace       used 56299K, capacity 57743K, committed 57856K, reserved 1099776K
  class space    used 7030K, capacity 7603K, committed 7680K, reserved 1048576K
}
Event: 16.876 GC heap after
{Heap after GC invocations=19 (full 0):
 garbage-first heap   total 162816K, used 42096K [0x0000000080000000, 0x0000000100000000)
  region size 1024K, 2 young (2048K), 2 survivors (2048K)
 Metaspace       used 56299K, capacity 57743K, committed 57856K, reserved 1099776K
  class space    used 7030K, capacity 7603K, committed 7680K, reserved 1048576K
}
Event: 17.541 GC heap before
{Heap before GC invocations=19 (full 0):
 garbage-first heap   total 162816K, used 82032K [0x0000000080000000, 0x0000000100000000)
  region size 1024K, 42 young (43008K), 2 survivors (2048K)
 Metaspace       used 58482K, capacity 60074K, committed 60160K, reserved 1101824K
  class space    used 7351K, capacity 7986K, committed 8064K, reserved 1048576K
}
Event: 17.547 GC heap after
{Heap after GC invocations=20 (full 0):
 garbage-first heap   total 162816K, used 42032K [0x0000000080000000, 0x0000000100000000)
  region size 1024K, 2 young (2048K), 2 survivors (2048K)
 Metaspace       used 58482K, capacity 60074K, committed 60160K, reserved 1101824K
  class space    used 7351K, capacity 7986K, committed 8064K, reserved 1048576K
}

Deoptimization events (20 events):
Event: 18.137 Thread 0x000001f9df3d5800 DEOPT PACKING pc=0x000001f9c4a323ca sp=0x000000ce667f2ac0
Event: 18.137 Thread 0x000001f9df3d5800 DEOPT UNPACKING pc=0x000001f9c3f2a95e sp=0x000000ce667f1f38 mode 0
Event: 18.155 Thread 0x000001f9df3d5800 DEOPT PACKING pc=0x000001f9c4846189 sp=0x000000ce667f2370
Event: 18.155 Thread 0x000001f9df3d5800 DEOPT UNPACKING pc=0x000001f9c3f2a95e sp=0x000000ce667f1808 mode 0
Event: 18.164 Thread 0x000001f9df3d5800 DEOPT PACKING pc=0x000001f9c4cb87b8 sp=0x000000ce667f2c00
Event: 18.164 Thread 0x000001f9df3d5800 DEOPT UNPACKING pc=0x000001f9c3f2a95e sp=0x000000ce667f2080 mode 0
Event: 18.166 Thread 0x000001f9df3d5800 DEOPT PACKING pc=0x000001f9c4905c00 sp=0x000000ce667f2cd0
Event: 18.166 Thread 0x000001f9df3d5800 DEOPT UNPACKING pc=0x000001f9c3f2a95e sp=0x000000ce667f21e8 mode 0
Event: 18.166 Thread 0x000001f9df3d5800 DEOPT PACKING pc=0x000001f9c4918949 sp=0x000000ce667f2db0
Event: 18.166 Thread 0x000001f9df3d5800 DEOPT UNPACKING pc=0x000001f9c3f2a95e sp=0x000000ce667f2350 mode 0
Event: 18.169 Thread 0x000001f9df3d5800 DEOPT PACKING pc=0x000001f9c48df002 sp=0x000000ce667f1520
Event: 18.169 Thread 0x000001f9df3d5800 DEOPT UNPACKING pc=0x000001f9c3f2a95e sp=0x000000ce667f0a18 mode 0
Event: 18.190 Thread 0x000001f9df3d5800 DEOPT PACKING pc=0x000001f9c4cb87b8 sp=0x000000ce667f2e70
Event: 18.190 Thread 0x000001f9df3d5800 DEOPT UNPACKING pc=0x000001f9c3f2a95e sp=0x000000ce667f22f0 mode 0
Event: 18.200 Thread 0x000001f9df3d5800 Uncommon trap: trap_request=0xffffff4d fr.pc=0x000001f9cbd71470 relative=0x0000000000002010
Event: 18.200 Thread 0x000001f9df3d5800 Uncommon trap: reason=unstable_if action=reinterpret pc=0x000001f9cbd71470 method=java.util.jar.JarFile.getVersionedEntry(Ljava/lang/String;Ljava/util/jar/JarEntry;)Ljava/util/jar/JarEntry; @ 67 c2
Event: 18.200 Thread 0x000001f9df3d5800 DEOPT PACKING pc=0x000001f9cbd71470 sp=0x000000ce667f2fc0
Event: 18.200 Thread 0x000001f9df3d5800 DEOPT UNPACKING pc=0x000001f9c3f2a1af sp=0x000000ce667f2fa8 mode 2
Event: 18.238 Thread 0x000001f9df3d5800 DEOPT PACKING pc=0x000001f9c4a323ca sp=0x000000ce667f2350
Event: 18.238 Thread 0x000001f9df3d5800 DEOPT UNPACKING pc=0x000001f9c3f2a95e sp=0x000000ce667f17c8 mode 0

Classes redefined (0 events):
No events

Internal exceptions (20 events):
Event: 14.914 Thread 0x000001f9df3d5800 Exception <a 'java/lang/ClassNotFoundException'{0x0000000086341348}: org/gradle/api/internal/plugins/DefaultObjectConfigurationActionCustomizer> (0x0000000086341348) thrown at [src/hotspot/share/classfile/systemDictionary.cpp, line 230]
Event: 15.471 Thread 0x000001f9df3d5800 Exception <a 'java/lang/NoSuchMethodError'{0x0000000089c72a40}: 'java.lang.Object java.lang.invoke.DirectMethodHandle$Holder.invokeStatic(java.lang.Object, java.lang.Object, java.lang.Object, java.lang.Object, int)'> (0x0000000089c72a40) thrown at [src/hotspot/share/interpreter/linkResolver.cpp, line 773]
Event: 15.471 Thread 0x000001f9df3d5800 Exception <a 'java/lang/NoSuchMethodError'{0x0000000089c77438}: 'java.lang.Object java.lang.invoke.DirectMethodHandle$Holder.invokeSpecial(java.lang.Object, java.lang.Object, java.lang.Object, java.lang.Object, java.lang.Object, int)'> (0x0000000089c77438) thrown at [src/hotspot/share/interpreter/linkResolver.cpp, line 773]
Event: 15.472 Thread 0x000001f9df3d5800 Exception <a 'java/lang/NoSuchMethodError'{0x0000000089c7ba78}: 'java.lang.Object java.lang.invoke.Invokers$Holder.linkToTargetMethod(java.lang.Object, java.lang.Object, java.lang.Object, int, java.lang.Object)'> (0x0000000089c7ba78) thrown at [src/hotspot/share/interpreter/linkResolver.cpp, line 773]
Event: 15.517 Thread 0x000001f9df3d5800 Exception <a 'java/lang/NoSuchMethodError'{0x0000000089bf0758}: 'java.lang.Object java.lang.invoke.Invokers$Holder.linkToTargetMethod(java.lang.Object, int, int, java.lang.Object)'> (0x0000000089bf0758) thrown at [src/hotspot/share/interpreter/linkResolver.cpp, line 773]
Event: 15.524 Thread 0x000001f9df3d5800 Exception <a 'java/lang/NoSuchMethodError'{0x0000000089a0f208}: 'java.lang.Object java.lang.invoke.DirectMethodHandle$Holder.invokeStatic(java.lang.Object, java.lang.Object, int, int, java.lang.Object, java.lang.Object)'> (0x0000000089a0f208) thrown at [src/hotspot/share/interpreter/linkResolver.cpp, line 773]
Event: 16.393 Thread 0x000001f9df3d5800 Exception <a 'java/lang/NoSuchMethodError'{0x0000000087466f00}: 'java.lang.Object java.lang.invoke.DirectMethodHandle$Holder.invokeStatic(java.lang.Object, java.lang.Object, java.lang.Object, java.lang.Object, java.lang.Object, java.lang.Object, java.lang.Object, java.lang.Object, java.lang.Object, java.lang.Object, java.lang.Object, java.lang.Object, java.lang.Object, int)'> (0x0000000087466f00) thrown at [src/hotspot/share/interpreter/linkResolver.cpp, line 773]
Event: 16.395 Thread 0x000001f9df3d5800 Exception <a 'java/lang/NoSuchMethodError'{0x00000000874855c0}: 'java.lang.Object java.lang.invoke.DirectMethodHandle$Holder.invokeStatic(java.lang.Object, java.lang.Object, java.lang.Object, java.lang.Object, java.lang.Object, java.lang.Object, java.lang.Object, java.lang.Object, java.lang.Object, java.lang.Object, java.lang.Object, java.lang.Object, java.lang.Object, int, int)'> (0x00000000874855c0) thrown at [src/hotspot/share/interpreter/linkResolver.cpp, line 773]
Event: 16.477 Thread 0x000001f9df3d5800 Exception <a 'java/lang/NoSuchMethodError'{0x0000000086f7b918}: 'int java.lang.invoke.DirectMethodHandle$Holder.invokeInterface(java.lang.Object, java.lang.Object, java.lang.Object, java.lang.Object)'> (0x0000000086f7b918) thrown at [src/hotspot/share/interpreter/linkResolver.cpp, line 773]
Event: 17.200 Thread 0x000001f9df3d5800 Exception <a 'java/lang/NoSuchMethodError'{0x0000000088d4fd18}: 'java.lang.Object java.lang.invoke.DirectMethodHandle$Holder.invokeSpecial(java.lang.Object, java.lang.Object, int, int, int, java.lang.Object, java.lang.Object, java.lang.Object, java.lang.Object)'> (0x0000000088d4fd18) thrown at [src/hotspot/share/interpreter/linkResolver.cpp, line 773]
Event: 17.202 Thread 0x000001f9df3d5800 Exception <a 'java/lang/NoSuchMethodError'{0x0000000088d544c0}: 'java.lang.Object java.lang.invoke.DelegatingMethodHandle$Holder.reinvoke_L(java.lang.Object, int, int, int, java.lang.Object, java.lang.Object, java.lang.Object, java.lang.Object)'> (0x0000000088d544c0) thrown at [src/hotspot/share/interpreter/linkResolver.cpp, line 773]
Event: 17.205 Thread 0x000001f9df3d5800 Exception <a 'java/lang/NoSuchMethodError'{0x0000000088d68fc8}: 'java.lang.Object java.lang.invoke.DirectMethodHandle$Holder.invokeStatic(java.lang.Object, java.lang.Object, java.lang.Object, java.lang.Object, java.lang.Object, int)'> (0x0000000088d68fc8) thrown at [src/hotspot/share/interpreter/linkResolver.cpp, line 773]
Event: 17.460 Thread 0x000001f9df3d5800 Exception <a 'java/lang/NoSuchMethodError'{0x0000000087d4dde0}: 'java.lang.Object java.lang.invoke.DirectMethodHandle$Holder.invokeSpecial(java.lang.Object, java.lang.Object, int, int, java.lang.Object, java.lang.Object, java.lang.Object)'> (0x0000000087d4dde0) thrown at [src/hotspot/share/interpreter/linkResolver.cpp, line 773]
Event: 17.461 Thread 0x000001f9df3d5800 Exception <a 'java/lang/NoSuchMethodError'{0x0000000087d528b0}: 'java.lang.Object java.lang.invoke.DelegatingMethodHandle$Holder.reinvoke_L(java.lang.Object, int, int, java.lang.Object, java.lang.Object, java.lang.Object)'> (0x0000000087d528b0) thrown at [src/hotspot/share/interpreter/linkResolver.cpp, line 773]
Event: 17.464 Thread 0x000001f9df3d5800 Exception <a 'java/lang/NoSuchMethodError'{0x0000000087d81b98}: 'java.lang.Object java.lang.invoke.DirectMethodHandle$Holder.invokeStatic(java.lang.Object, java.lang.Object, java.lang.Object, java.lang.Object, int, int)'> (0x0000000087d81b98) thrown at [src/hotspot/share/interpreter/linkResolver.cpp, line 773]
Event: 17.465 Thread 0x000001f9df3d5800 Exception <a 'java/lang/NoSuchMethodError'{0x0000000087da4808}: 'java.lang.Object java.lang.invoke.DirectMethodHandle$Holder.invokeStatic(java.lang.Object, java.lang.Object, java.lang.Object, java.lang.Object, int, int, java.lang.Object)'> (0x0000000087da4808) thrown at [src/hotspot/share/interpreter/linkResolver.cpp, line 773]
Event: 17.467 Thread 0x000001f9df3d5800 Exception <a 'java/lang/NoSuchMethodError'{0x0000000087dc9490}: 'java.lang.Object java.lang.invoke.DirectMethodHandle$Holder.invokeStatic(java.lang.Object, java.lang.Object, java.lang.Object, java.lang.Object, int, int, java.lang.Object, java.lang.Object)'> (0x0000000087dc9490) thrown at [src/hotspot/share/interpreter/linkResolver.cpp, line 773]
Event: 17.469 Thread 0x000001f9df3d5800 Exception <a 'java/lang/NoSuchMethodError'{0x0000000087defcf0}: 'java.lang.Object java.lang.invoke.DirectMethodHandle$Holder.invokeStatic(java.lang.Object, java.lang.Object, java.lang.Object, java.lang.Object, int, int, java.lang.Object, java.lang.Object, java.lang.Object)'> (0x0000000087defcf0) thrown at [src/hotspot/share/interpreter/linkResolver.cpp, line 773]
Event: 17.568 Thread 0x000001f9df3d5800 Exception <a 'java/lang/IncompatibleClassChangeError'{0x0000000089c77598}: Found class java.lang.Object, but interface was expected> (0x0000000089c77598) thrown at [src/hotspot/share/interpreter/linkResolver.cpp, line 839]
Event: 17.951 Thread 0x000001f9df3d5800 Implicit null exception at 0x000001f9cbdbf18d to 0x000001f9cbdbf372

Events (20 events):
Event: 18.149 loading class javax/crypto/SecretKey
Event: 18.149 loading class javax/crypto/SecretKey done
Event: 18.152 loading class java/util/Base64
Event: 18.154 loading class java/util/Base64 done
Event: 18.154 loading class java/util/Base64$Decoder
Event: 18.155 loading class java/util/Base64$Decoder done
Event: 18.156 loading class java/util/Base64$Encoder
Event: 18.157 loading class java/util/Base64$Encoder done
Event: 18.170 loading class sun/security/rsa/RSASignature$SHA256withRSA
Event: 18.170 loading class sun/security/rsa/RSASignature$SHA256withRSA done
Event: 18.173 loading class sun/security/provider/DSA$SHA256withDSA
Event: 18.173 loading class sun/security/provider/DSA$SHA256withDSA done
Event: 18.194 loading class java/util/jar/JarVerifier$VerifierStream
Event: 18.194 loading class java/util/jar/JarVerifier$VerifierStream done
Event: 18.195 loading class sun/security/util/ManifestEntryVerifier$SunProviderHolder
Event: 18.195 loading class sun/security/util/ManifestEntryVerifier$SunProviderHolder done
Event: 18.198 loading class org/bouncycastle/operator/OperatorException
Event: 18.198 loading class org/bouncycastle/operator/OperatorException done
Event: 18.199 loading class org/bouncycastle/jce/provider/BouncyCastleProvider
Event: 18.199 loading class org/bouncycastle/jce/provider/BouncyCastleProvider done


Dynamic libraries:
0x00007ff658720000 - 0x00007ff65872a000 	C:\Program Files\Android\Android Studio\jbr\bin\java.exe
0x00007ff938ae0000 - 0x00007ff938ce9000 	C:\Windows\SYSTEM32\ntdll.dll
0x00007ff937510000 - 0x00007ff9375ce000 	C:\Windows\System32\KERNEL32.DLL
0x00007ff935f90000 - 0x00007ff936314000 	C:\Windows\System32\KERNELBASE.dll
0x00007ff936710000 - 0x00007ff936821000 	C:\Windows\System32\ucrtbase.dll
0x00007ff92ede0000 - 0x00007ff92edf7000 	C:\Program Files\Android\Android Studio\jbr\bin\jli.dll
0x00007ff931260000 - 0x00007ff93127b000 	C:\Program Files\Android\Android Studio\jbr\bin\VCRUNTIME140.dll
0x00007ff937650000 - 0x00007ff9377fd000 	C:\Windows\System32\USER32.dll
0x00007ff915240000 - 0x00007ff9154e5000 	C:\Windows\WinSxS\amd64_microsoft.windows.common-controls_6595b64144ccf1df_6.0.22000.120_none_9d947278b86cc467\COMCTL32.dll
0x00007ff9364b0000 - 0x00007ff9364d6000 	C:\Windows\System32\win32u.dll
0x00007ff9373b0000 - 0x00007ff9373da000 	C:\Windows\System32\GDI32.dll
0x00007ff938490000 - 0x00007ff938533000 	C:\Windows\System32\msvcrt.dll
0x00007ff936830000 - 0x00007ff93694f000 	C:\Windows\System32\gdi32full.dll
0x00007ff936390000 - 0x00007ff93642d000 	C:\Windows\System32\msvcp_win.dll
0x00007ff9371d0000 - 0x00007ff937201000 	C:\Windows\System32\IMM32.DLL
0x00007ff8e61e0000 - 0x00007ff8e626d000 	C:\Program Files\Android\Android Studio\jbr\bin\msvcp140.dll
0x00007ff9273b0000 - 0x00007ff9273bc000 	C:\Windows\SYSTEM32\VCRUNTIME140_1.dll
0x00007ff8d4e80000 - 0x00007ff8d5a3c000 	C:\Program Files\Android\Android Studio\jbr\bin\server\jvm.dll
0x00007ff937220000 - 0x00007ff9372cf000 	C:\Windows\System32\ADVAPI32.dll
0x00007ff936c60000 - 0x00007ff936cfe000 	C:\Windows\System32\sechost.dll
0x00007ff9373e0000 - 0x00007ff937501000 	C:\Windows\System32\RPCRT4.dll
0x00007ff936bd0000 - 0x00007ff936bd8000 	C:\Windows\System32\PSAPI.DLL
0x00007ff911e10000 - 0x00007ff911e19000 	C:\Windows\SYSTEM32\WSOCK32.dll
0x00007ff92f300000 - 0x00007ff92f30a000 	C:\Windows\SYSTEM32\VERSION.dll
0x00007ff936b60000 - 0x00007ff936bcf000 	C:\Windows\System32\WS2_32.dll
0x00007ff9339f0000 - 0x00007ff933a23000 	C:\Windows\SYSTEM32\WINMM.dll
0x00007ff934f20000 - 0x00007ff934f38000 	C:\Windows\SYSTEM32\kernel.appcore.dll
0x00007ff931f40000 - 0x00007ff931f50000 	C:\Program Files\Android\Android Studio\jbr\bin\verify.dll
0x00007ff933750000 - 0x00007ff933971000 	C:\Windows\SYSTEM32\DBGHELP.DLL
0x00007ff933990000 - 0x00007ff9339c1000 	C:\Windows\SYSTEM32\dbgcore.DLL
0x00007ff936430000 - 0x00007ff9364af000 	C:\Windows\System32\bcryptPrimitives.dll
0x00007ff92ee00000 - 0x00007ff92ee28000 	C:\Program Files\Android\Android Studio\jbr\bin\java.dll
0x00007ff931430000 - 0x00007ff93143a000 	C:\Program Files\Android\Android Studio\jbr\bin\jimage.dll
0x00007ff931420000 - 0x00007ff93142e000 	C:\Program Files\Android\Android Studio\jbr\bin\instrument.dll
0x00007ff92edc0000 - 0x00007ff92edd8000 	C:\Program Files\Android\Android Studio\jbr\bin\zip.dll
0x00007ff9379d0000 - 0x00007ff938195000 	C:\Windows\System32\SHELL32.dll
0x00007ff934050000 - 0x00007ff9348b4000 	C:\Windows\SYSTEM32\windows.storage.dll
0x00007ff938660000 - 0x00007ff9389d6000 	C:\Windows\System32\combase.dll
0x00007ff933ee0000 - 0x00007ff934047000 	C:\Windows\SYSTEM32\wintypes.dll
0x00007ff936a70000 - 0x00007ff936b5a000 	C:\Windows\System32\SHCORE.dll
0x00007ff9375d0000 - 0x00007ff93762d000 	C:\Windows\System32\shlwapi.dll
0x00007ff935ec0000 - 0x00007ff935ee1000 	C:\Windows\SYSTEM32\profapi.dll
0x00007ff930a30000 - 0x00007ff930a3a000 	C:\Program Files\Android\Android Studio\jbr\bin\management.dll
0x00007ff928070000 - 0x00007ff92807b000 	C:\Program Files\Android\Android Studio\jbr\bin\management_ext.dll
0x00007ff92eda0000 - 0x00007ff92edb9000 	C:\Program Files\Android\Android Studio\jbr\bin\net.dll
0x00007ff931490000 - 0x00007ff9315a3000 	C:\Windows\SYSTEM32\WINHTTP.dll
0x00007ff9354b0000 - 0x00007ff935517000 	C:\Windows\system32\mswsock.dll
0x00007ff928080000 - 0x00007ff928093000 	C:\Program Files\Android\Android Studio\jbr\bin\nio.dll
0x00007ff9157c0000 - 0x00007ff9157d7000 	C:\Windows\system32\napinsp.dll
0x00007ff9157a0000 - 0x00007ff9157bb000 	C:\Windows\system32\pnrpnsp.dll
0x00007ff934bf0000 - 0x00007ff934cd8000 	C:\Windows\SYSTEM32\DNSAPI.dll
0x00007ff934b10000 - 0x00007ff934b3d000 	C:\Windows\SYSTEM32\IPHLPAPI.DLL
0x00007ff9389e0000 - 0x00007ff9389e9000 	C:\Windows\System32\NSI.dll
0x00007ff915780000 - 0x00007ff915792000 	C:\Windows\System32\winrnr.dll
0x00007ff915760000 - 0x00007ff915775000 	C:\Windows\system32\wshbth.dll
0x00007ff910f20000 - 0x00007ff910f3f000 	C:\Windows\system32\nlansp_c.dll
0x00007ff92c000000 - 0x00007ff92c00a000 	C:\Windows\System32\rasadhlp.dll
0x00007ff930de0000 - 0x00007ff930e62000 	C:\Windows\System32\fwpuclnt.dll
0x00007ff8e87f0000 - 0x00007ff8e8817000 	C:\Users\ThinkPad\.gradle\native\e1d6ef7f7dcc3fd88c89a11ec53ec762bb8ba0a96d01ffa2cd45eb1d1d8dd5c5\windows-amd64\native-platform.dll
0x00007ff8ced80000 - 0x00007ff8ceec4000 	C:\Users\ThinkPad\.gradle\native\0d407fdbe67a94daf76414ababcb853783967236a71b16ec16e742cd7a986fd3\windows-amd64\native-platform-file-events.dll
0x00007ff935770000 - 0x00007ff935788000 	C:\Windows\SYSTEM32\CRYPTSP.dll
0x00007ff934f90000 - 0x00007ff934fc5000 	C:\Windows\system32\rsaenh.dll
0x00007ff9355b0000 - 0x00007ff9355d9000 	C:\Windows\SYSTEM32\USERENV.dll
0x00007ff935900000 - 0x00007ff935927000 	C:\Windows\SYSTEM32\bcrypt.dll
0x00007ff935790000 - 0x00007ff93579c000 	C:\Windows\SYSTEM32\CRYPTBASE.dll
0x00007ff9315e0000 - 0x00007ff9315f9000 	C:\Windows\SYSTEM32\dhcpcsvc6.DLL
0x00007ff931660000 - 0x00007ff93167e000 	C:\Windows\SYSTEM32\dhcpcsvc.DLL

dbghelp: loaded successfully - version: 4.0.5 - missing functions: none
symbol engine: initialized successfully - sym options: 0x614 - pdb path: .;C:\Program Files\Android\Android Studio\jbr\bin;C:\Windows\SYSTEM32;C:\Windows\WinSxS\amd64_microsoft.windows.common-controls_6595b64144ccf1df_6.0.22000.120_none_9d947278b86cc467;C:\Program Files\Android\Android Studio\jbr\bin\server;C:\Users\ThinkPad\.gradle\native\e1d6ef7f7dcc3fd88c89a11ec53ec762bb8ba0a96d01ffa2cd45eb1d1d8dd5c5\windows-amd64;C:\Users\ThinkPad\.gradle\native\0d407fdbe67a94daf76414ababcb853783967236a71b16ec16e742cd7a986fd3\windows-amd64

VM Arguments:
jvm_args: -javaagent:C:\Program Files\Android\Android Studio\plugins\android\resources\trace_agent.jar=C:\Users\ThinkPad\AppData\Local\Temp\sync.trace.profile --add-opens=java.base/java.util=ALL-UNNAMED --add-opens=java.base/java.lang=ALL-UNNAMED --add-opens=java.base/java.lang.invoke=ALL-UNNAMED --add-opens=java.base/java.util=ALL-UNNAMED --add-opens=java.prefs/java.util.prefs=ALL-UNNAMED --add-opens=java.prefs/java.util.prefs=ALL-UNNAMED --add-opens=java.base/java.nio.charset=ALL-UNNAMED --add-opens=java.base/java.net=ALL-UNNAMED --add-opens=java.base/java.util.concurrent.atomic=ALL-UNNAMED -Xmx2048m -Dfile.encoding=UTF-8 -Duser.country=US -Duser.language=en -Duser.variant 
java_command: org.gradle.launcher.daemon.bootstrap.GradleDaemon 7.5
java_class_path (initial): C:\Users\ThinkPad\.gradle\wrapper\dists\gradle-7.5-bin\f1w0cc9nuo0eivz97x2xlu9sv\gradle-7.5\lib\gradle-launcher-7.5.jar
Launcher Type: SUN_STANDARD

[Global flags]
     intx CICompilerCount                          = 12                                        {product} {ergonomic}
     uint ConcGCThreads                            = 3                                         {product} {ergonomic}
     uint G1ConcRefinementThreads                  = 13                                        {product} {ergonomic}
   size_t G1HeapRegionSize                         = 1048576                                   {product} {ergonomic}
    uintx GCDrainStackTargetSize                   = 64                                        {product} {ergonomic}
   size_t InitialHeapSize                          = 115343360                                 {product} {ergonomic}
   size_t MarkStackSize                            = 4194304                                   {product} {ergonomic}
   size_t MaxHeapSize                              = 2147483648                                {product} {command line}
   size_t MaxNewSize                               = 1287651328                                {product} {ergonomic}
   size_t MinHeapDeltaBytes                        = 1048576                                   {product} {ergonomic}
    uintx NonNMethodCodeHeapSize                   = 7594288                                {pd product} {ergonomic}
    uintx NonProfiledCodeHeapSize                  = 122031976                              {pd product} {ergonomic}
    uintx ProfiledCodeHeapSize                     = 122031976                              {pd product} {ergonomic}
    uintx ReservedCodeCacheSize                    = 251658240                              {pd product} {ergonomic}
     bool SegmentedCodeCache                       = true                                      {product} {ergonomic}
     bool UseCompressedClassPointers               = true                                 {lp64_product} {ergonomic}
     bool UseCompressedOops                        = true                                 {lp64_product} {ergonomic}
     bool UseG1GC                                  = true                                      {product} {ergonomic}
     bool UseLargePagesIndividualAllocation        = false                                  {pd product} {ergonomic}

Logging:
Log output configuration:
 #0: stdout all=warning uptime,level,tags
 #1: stderr all=off uptime,level,tags

Environment Variables:
JAVA_HOME=C:\Program Files\Java\jdk1.8.0_201
JRE_HOME=C:\Program Files\Java\jre1.8.0_201
PATH=C:\Program Files\Python39\Scripts\;C:\Program Files\Python39\;C:\Program Files\Python310\Scripts\;C:\Program Files\Python310\;C:\Program Files (x86)\VMware\VMware Workstation\bin\;C:\Windows\system32;C:\Windows;C:\Windows\System32\Wbem;C:\Windows\System32\WindowsPowerShell\v1.0\;C:\Windows\System32\OpenSSH\;C:\Program Files\Java\jdk1.8.0_201\bin;C:\Program Files\Java\jre1.8.0_201\bin;C:\Program Files\Java\apache-maven-3.8.6\bin;C:\Program Files\Microsoft SQL Server\Client SDK\ODBC\170\Tools\Binn\;C:\Program Files (x86)\Microsoft SQL Server\150\Tools\Binn\;C:\Program Files\Microsoft SQL Server\150\Tools\Binn\;C:\Program Files\Microsoft SQL Server\150\DTS\Binn\;C:\Program Files (x86)\Microsoft SQL Server\150\DTS\Binn\;C:\Program Files\Azure Data Studio\bin;C:\Program Files\MinGW\bin;C:\Program Files\Cloud Foundry;C:\Program Files\nodejs\;C:\Program Files\Git\cmd;C:\Program Files\MySQL\MySQL Shell 8.0\bin\;C:\Users\ThinkPad\AppData\Local\Microsoft\WindowsApps;C:\Users\ThinkPad\AppData\Local\Programs\Microsoft VS Code\bin;C:\Program Files\Azure Data Studio\bin;C:\Users\ThinkPad\AppData\Roaming\Python\Python310\Scripts;C:\Users\ThinkPad\AppData\Local\GitHubDesktop\bin;C:\Users\ThinkPad\AppData\Roaming\npm;C:\Program Files\JetBrains\IntelliJ IDEA 2022.3.3\bin;
USERNAME=ThinkPad
OS=Windows_NT
PROCESSOR_IDENTIFIER=AMD64 Family 23 Model 104 Stepping 1, AuthenticAMD



---------------  S Y S T E M  ---------------

OS: Windows 11 , 64 bit Build 22000 (10.0.22000.1880)
OS uptime: 4 days 18:34 hours
Hyper-V role detected

CPU:total 16 (initial active 16) (16 cores per cpu, 2 threads per core) family 23 model 104 stepping 1 microcode 0x0, cmov, cx8, fxsr, mmx, sse, sse2, sse3, ssse3, sse4.1, sse4.2, popcnt, avx, avx2, aes, clmul, mmxext, 3dnowpref, lzcnt, sse4a, ht, tsc, tscinvbit, tscinv, bmi1, bmi2, adx, sha, fma

Memory: 4k page, system-wide physical 6986M (229M free)
TotalPageFile size 19786M (AvailPageFile size 9M)
current process WorkingSet (physical memory assigned to process): 348M, peak: 348M
current process commit charge ("private bytes"): 409M, peak: 411M

vm_info: OpenJDK 64-Bit Server VM (11.0.15+0-b2043.56-8887301) for windows-amd64 JRE (11.0.15+0-b2043.56-8887301), built on Jul 29 2022 23:19:47 by "builduser" with unknown MS VC++:1929

END.
